<?xml version="1.0" encoding="UTF-8"?>
<!-- Generated by org.testng.reporters.JUnitXMLReporter -->
<testsuite ignored="0" hostname="ANKUSH1111" failures="0" tests="5" name="Test" time="8.247" errors="0" timestamp="2023-08-20T14:49:48 IST">
  <testcase classname="com.utility.BaseClass" name="@BeforeTest BM" time="7.906">
    <failure type="org.openqa.selenium.remote.http.ConnectionFailedException" message="Unable to establish websocket connection to http://localhost:50129/devtools/browser/09c0eab5-b106-401d-adf7-154244c99e9f
Build info: version: &amp;apos;4.6.0&amp;apos;, revision: &amp;apos;79f1c02ae20&amp;apos;
System info: os.name: &amp;apos;Windows 11&amp;apos;, os.arch: &amp;apos;amd64&amp;apos;, os.version: &amp;apos;10.0&amp;apos;, java.version: &amp;apos;18.0.1.1&amp;apos;
Driver info: driver.version: ChromeDriver">
      <![CDATA[org.openqa.selenium.remote.http.ConnectionFailedException: Unable to establish websocket connection to http://localhost:50129/devtools/browser/09c0eab5-b106-401d-adf7-154244c99e9f
Build info: version: '4.6.0', revision: '79f1c02ae20'
System info: os.name: 'Windows 11', os.arch: 'amd64', os.version: '10.0', java.version: '18.0.1.1'
Driver info: driver.version: ChromeDriver
at org.openqa.selenium.remote.http.netty.NettyWebSocket.<init>(NettyWebSocket.java:102)
at org.openqa.selenium.remote.http.netty.NettyWebSocket.lambda$create$3(NettyWebSocket.java:128)
at org.openqa.selenium.remote.http.netty.NettyClient.openSocket(NettyClient.java:107)
at org.openqa.selenium.devtools.Connection.<init>(Connection.java:77)
at org.openqa.selenium.chromium.ChromiumDriver.lambda$new$2(ChromiumDriver.java:116)
at java.base/java.util.Optional.map(Optional.java:260)
at org.openqa.selenium.chromium.ChromiumDriver.<init>(ChromiumDriver.java:114)
at org.openqa.selenium.chrome.ChromeDriver.<init>(ChromeDriver.java:81)
at org.openqa.selenium.chrome.ChromeDriver.<init>(ChromeDriver.java:49)
at com.utility.BaseClass.BM(BaseClass.java:32)
... Removed 22 stack frames]]>
    </failure>
  </testcase> <!-- @BeforeTest BM -->
  <testcase classname="com.utility.BaseClass" name="@BeforeMethod beforemethod" time="-1.692523188427E9">
    <skipped/>
  </testcase> <!-- @BeforeMethod beforemethod -->
  <testcase classname="com.utility.BaseClass" name="@AfterMethod Aftermethod" time="-1.692523188654E9">
    <skipped/>
  </testcase> <!-- @AfterMethod Aftermethod -->
  <testcase classname="com.utility.BaseClass" name="@BeforeMethod beforemethod" time="-1.692523188658E9">
    <skipped/>
  </testcase> <!-- @BeforeMethod beforemethod -->
  <testcase classname="com.utility.BaseClass" name="@AfterMethod Aftermethod" time="-1.692523188673E9">
    <skipped/>
  </testcase> <!-- @AfterMethod Aftermethod -->
  <testcase classname="com.utility.BaseClass" name="@BeforeMethod beforemethod" time="-1.692523188675E9">
    <skipped/>
  </testcase> <!-- @BeforeMethod beforemethod -->
  <testcase classname="com.utility.BaseClass" name="@AfterMethod Aftermethod" time="-1.692523188687E9">
    <skipped/>
  </testcase> <!-- @AfterMethod Aftermethod -->
  <testcase classname="com.utility.BaseClass" name="@BeforeMethod beforemethod" time="-1.692523188688E9">
    <skipped/>
  </testcase> <!-- @BeforeMethod beforemethod -->
  <testcase classname="com.utility.BaseClass" name="@AfterMethod Aftermethod" time="-1.692523188703E9">
    <skipped/>
  </testcase> <!-- @AfterMethod Aftermethod -->
  <testcase classname="com.utility.BaseClass" name="@BeforeMethod beforemethod" time="-1.692523188704E9">
    <skipped/>
  </testcase> <!-- @BeforeMethod beforemethod -->
  <testcase classname="com.utility.BaseClass" name="@AfterMethod Aftermethod" time="-1.692523188718E9">
    <skipped/>
  </testcase> <!-- @AfterMethod Aftermethod -->
  <testcase classname="com.utility.BaseClass" name="@AfterTest AM" time="-1.692523188719E9">
    <skipped/>
  </testcase> <!-- @AfterTest AM -->
  <testcase classname="material.itemmstvaldation" name="itmvaldn" time="0.0">
    <skipped/>
  </testcase> <!-- itmvaldn -->
  <testcase classname="material.itemmstvaldation" name="itmmstclssubclsvaldn" time="0.0">
    <skipped/>
  </testcase> <!-- itmmstclssubclsvaldn -->
  <testcase classname="material.itemmstvaldation" name="eightentryadd" time="0.0">
    <skipped/>
  </testcase> <!-- eightentryadd -->
  <testcase classname="material.itemmstvaldation" name="itemmasteruom" time="0.0">
    <skipped/>
  </testcase> <!-- itemmasteruom -->
  <testcase classname="material.itemmstvaldation" name="itemupdate" time="0.0">
    <skipped/>
  </testcase> <!-- itemupdate -->
</testsuite> <!-- Test -->
