<html>
<head>
<title>TestNG:  Test</title>
<link href="../testng.css" rel="stylesheet" type="text/css" />
<link href="../my-testng.css" rel="stylesheet" type="text/css" />

<style type="text/css">
.log { display: none;} 
.stack-trace { display: none;} 
</style>
<script type="text/javascript">
<!--
function flip(e) {
  current = e.style.display;
  if (current == 'block') {
    e.style.display = 'none';
    return 0;
  }
  else {
    e.style.display = 'block';
    return 1;
  }
}

function toggleBox(szDivId, elem, msg1, msg2)
{
  var res = -1;  if (document.getElementById) {
    res = flip(document.getElementById(szDivId));
  }
  else if (document.all) {
    // this is the way old msie versions work
    res = flip(document.all[szDivId]);
  }
  if(elem) {
    if(res == 0) elem.innerHTML = msg1; else elem.innerHTML = msg2;
  }

}

function toggleAllBoxes() {
  if (document.getElementsByTagName) {
    d = document.getElementsByTagName('div');
    for (i = 0; i < d.length; i++) {
      if (d[i].className == 'log') {
        flip(d[i]);
      }
    }
  }
}

// -->
</script>

</head>
<body>
<h2 align='center'>Test</h2><table border='1' align="center">
<tr>
<td>Tests passed/Failed/Skipped:</td><td>3/4/0</td>
</tr><tr>
<td>Started on:</td><td>Thu Feb 09 15:32:33 IST 2023</td>
</tr>
<tr><td>Total time:</td><td>1641 seconds (1641392 ms)</td>
</tr><tr>
<td>Included groups:</td><td></td>
</tr><tr>
<td>Excluded groups:</td><td></td>
</tr>
</table><p/>
<small><i>(Hover the method name to see the test class name)</i></small><p/>
<table width='100%' border='1' class='invocation-failed'>
<tr><td colspan='4' align='center'><b>FAILED TESTS</b></td></tr>
<tr><td><b>Test method</b></td>
<td width="30%"><b>Exception</b></td>
<td width="10%"><b>Time (seconds)</b></td>
<td><b>Instance</b></td>
</tr>
<tr>
<td title='purchase.LabourRateContractEntry.LRC002()'><b>LRC002</b><br>Test class: purchase.LabourRateContractEntry<br/>
<a href="#Output-715819458" onClick='toggleBox("Output-715819458", this, "Show output", "Hide output");'>Show output</a>

<a href="#Output-715819458" onClick="toggleAllBoxes();">Show all outputs</a>
<div class='log' id="Output-715819458">
<b><FONT COLOR=\"1f7a1f\">Test Case ID==LRC002</FONT></b><br/>
<b><FONT COLOR=\"1f7a1f\">Test Case Description==Test Case For LRC Entry of two  item with Four  delivery schedule of both item .</FONT></b><br/>
Click Sucessfully == Purchase Module<br/>
Click Sucessfully == Labour Rate Contract Entry<br/>
Click Sucessfully == Labour Rate Contract Entry add new button<br/>
Click Sucessfully==<br/>
Click Sucessfully==<br/>
Click Sucessfully==<br/>
Click Sucessfully==<br/>
Click Sucessfully==<br/>
Click Sucessfully==5<br/>
Click Sucessfully==<br/>
Click Sucessfully==<br/>
Click Sucessfully==<br/>
Click Sucessfully==<br/>
Click Sucessfully==<br/>
Click Sucessfully==31<br/>
Click Sucessfully == Purchase Order Information NEXTBUTTON<br/>
Click Sucessfully==<br/>
Item code Search Filed value succesfully send == <b>A020</b><br/>
Click sucessfully==Buyer combo box<br/>
Option Sucessfully Selected==<b>Buyer combo box==HITESH K PATEL</b><br/>
Click Sucessfully==Next<br/>
Click sucessfully==Ratestucure<br/>
Option Sucessfully Selected==<b>Ratestucure==PIG7 - BV+PKG+FRT+INS+OTH+IGST 18%+TCS</b><br/>
Click Sucessfully==Next<br/>
Click Sucessfully==Add New<br/>
Click Sucessfully==<br/>
Item code Search Filed value succesfully send == <b>1110012B</b><br/>
Click Sucessfully==CED - CATHODIC ELECTRO DEPOSITION PROCESS<br/>
Screenshot taken Succesfully==D:\ANKUSH\NEW_HORIZON\ScreenShots\Failure.png<br/>
</div>
</td>
<td><div><pre>org.openqa.selenium.TimeoutException: Expected condition failed: waiting for visibility of [[ChromeDriver: chrome on WINDOWS (48eca6c056510b247dea537c871e402a)] -&gt; xpath: //span[contains(text(),&apos;PV&apos;)]] (tried for 20 second(s) with 500 milliseconds interval)
Build info: version: &apos;4.6.0&apos;, revision: &apos;79f1c02ae20&apos;
System info: os.name: &apos;Windows 10&apos;, os.arch: &apos;amd64&apos;, os.version: &apos;10.0&apos;, java.version: &apos;17.0.6&apos;
Driver info: org.openqa.selenium.chrome.ChromeDriver
Capabilities {acceptInsecureCerts: false, browserName: chrome, browserVersion: 109.0.5414.120, chrome: {chromedriverVersion: 109.0.5414.74 (e7c5703604da..., userDataDir: C:\Users\Ankush\AppData\Loc...}, goog:chromeOptions: {debuggerAddress: localhost:55512}, networkConnectionEnabled: false, pageLoadStrategy: normal, platformName: WINDOWS, proxy: Proxy(), se:cdp: ws://localhost:55512/devtoo..., se:cdpVersion: 109.0.5414.120, setWindowRect: true, strictFileInteractability: false, timeouts: {implicit: 0, pageLoad: 300000, script: 30000}, unhandledPromptBehavior: dismiss and notify, webauthn:extension:credBlob: true, webauthn:extension:largeBlob: true, webauthn:virtualAuthenticators: true}
Session ID: 48eca6c056510b247dea537c871e402a
	at org.openqa.selenium.support.ui.WebDriverWait.timeoutException(WebDriverWait.java:87)
	at org.openqa.selenium.support.ui.FluentWait.until(FluentWait.java:231)
	at com.utility.Library.Explicitlywait(Library.java:696)
	at com.utility.JQXGRID.JQXDropdown(JQXGRID.java:23)
	at purchase.LabourRateContractEntry.LRC002(LabourRateContractEntry.java:427)
	at java.base/java.util.ArrayList.forEach(ArrayList.java:1511)
... Removed 31 stack frames</pre></div><a href='#' onClick='toggleBox("stack-trace715819458", this, "Click to show all stack frames", "Click to hide stack frames")'>Click to show all stack frames</a>
<div class='stack-trace' id='stack-trace715819458'><pre>org.openqa.selenium.TimeoutException: Expected condition failed: waiting for visibility of [[ChromeDriver: chrome on WINDOWS (48eca6c056510b247dea537c871e402a)] -&gt; xpath: //span[contains(text(),&apos;PV&apos;)]] (tried for 20 second(s) with 500 milliseconds interval)
Build info: version: &apos;4.6.0&apos;, revision: &apos;79f1c02ae20&apos;
System info: os.name: &apos;Windows 10&apos;, os.arch: &apos;amd64&apos;, os.version: &apos;10.0&apos;, java.version: &apos;17.0.6&apos;
Driver info: org.openqa.selenium.chrome.ChromeDriver
Capabilities {acceptInsecureCerts: false, browserName: chrome, browserVersion: 109.0.5414.120, chrome: {chromedriverVersion: 109.0.5414.74 (e7c5703604da..., userDataDir: C:\Users\Ankush\AppData\Loc...}, goog:chromeOptions: {debuggerAddress: localhost:55512}, networkConnectionEnabled: false, pageLoadStrategy: normal, platformName: WINDOWS, proxy: Proxy(), se:cdp: ws://localhost:55512/devtoo..., se:cdpVersion: 109.0.5414.120, setWindowRect: true, strictFileInteractability: false, timeouts: {implicit: 0, pageLoad: 300000, script: 30000}, unhandledPromptBehavior: dismiss and notify, webauthn:extension:credBlob: true, webauthn:extension:largeBlob: true, webauthn:virtualAuthenticators: true}
Session ID: 48eca6c056510b247dea537c871e402a
	at org.openqa.selenium.support.ui.WebDriverWait.timeoutException(WebDriverWait.java:87)
	at org.openqa.selenium.support.ui.FluentWait.until(FluentWait.java:231)
	at com.utility.Library.Explicitlywait(Library.java:696)
	at com.utility.JQXGRID.JQXDropdown(JQXGRID.java:23)
	at purchase.LabourRateContractEntry.LRC002(LabourRateContractEntry.java:427)
	at java.base/jdk.internal.reflect.NativeMethodAccessorImpl.invoke0(Native Method)
	at java.base/jdk.internal.reflect.NativeMethodAccessorImpl.invoke(NativeMethodAccessorImpl.java:77)
	at java.base/jdk.internal.reflect.DelegatingMethodAccessorImpl.invoke(DelegatingMethodAccessorImpl.java:43)
	at java.base/java.lang.reflect.Method.invoke(Method.java:568)
	at org.testng.internal.MethodInvocationHelper.invokeMethod(MethodInvocationHelper.java:132)
	at org.testng.internal.TestInvoker.invokeMethod(TestInvoker.java:599)
	at org.testng.internal.TestInvoker.invokeTestMethod(TestInvoker.java:174)
	at org.testng.internal.MethodRunner.runInSequence(MethodRunner.java:46)
	at org.testng.internal.TestInvoker$MethodInvocationAgent.invoke(TestInvoker.java:822)
	at org.testng.internal.TestInvoker.invokeTestMethods(TestInvoker.java:147)
	at org.testng.internal.TestMethodWorker.invokeTestMethods(TestMethodWorker.java:146)
	at org.testng.internal.TestMethodWorker.run(TestMethodWorker.java:128)
	at java.base/java.util.ArrayList.forEach(ArrayList.java:1511)
	at org.testng.TestRunner.privateRun(TestRunner.java:764)
	at org.testng.TestRunner.run(TestRunner.java:585)
	at org.testng.SuiteRunner.runTest(SuiteRunner.java:384)
	at org.testng.SuiteRunner.runSequentially(SuiteRunner.java:378)
	at org.testng.SuiteRunner.privateRun(SuiteRunner.java:337)
	at org.testng.SuiteRunner.run(SuiteRunner.java:286)
	at org.testng.SuiteRunnerWorker.runSuite(SuiteRunnerWorker.java:53)
	at org.testng.SuiteRunnerWorker.run(SuiteRunnerWorker.java:96)
	at org.testng.TestNG.runSuitesSequentially(TestNG.java:1218)
	at org.testng.TestNG.runSuitesLocally(TestNG.java:1140)
	at org.testng.TestNG.runSuites(TestNG.java:1069)
	at org.testng.TestNG.run(TestNG.java:1037)
	at org.apache.maven.surefire.testng.TestNGExecutor.run(TestNGExecutor.java:324)
	at org.apache.maven.surefire.testng.TestNGXmlTestSuite.execute(TestNGXmlTestSuite.java:74)
	at org.apache.maven.surefire.testng.TestNGProvider.invoke(TestNGProvider.java:123)
	at org.apache.maven.surefire.booter.ForkedBooter.runSuitesInProcess(ForkedBooter.java:456)
	at org.apache.maven.surefire.booter.ForkedBooter.execute(ForkedBooter.java:169)
	at org.apache.maven.surefire.booter.ForkedBooter.run(ForkedBooter.java:595)
	at org.apache.maven.surefire.booter.ForkedBooter.main(ForkedBooter.java:581)
</pre></div></td>
<td>199</td>
<td>purchase.LabourRateContractEntry@53fe15ff</td></tr>
<tr>
<td title='purchase.LabourRateContractAMD.LRCAMD001()'><b>LRCAMD001</b><br>Test class: purchase.LabourRateContractAMD<br/>
<a href="#Output-788107378" onClick='toggleBox("Output-788107378", this, "Show output", "Hide output");'>Show output</a>

<a href="#Output-788107378" onClick="toggleAllBoxes();">Show all outputs</a>
<div class='log' id="Output-788107378">
<b><FONT COLOR=\"1f7a1f\">Test Case ID==LRCAMD001</FONT></b><br/>
<b><FONT COLOR=\"1f7a1f\">Test Case Description==LRC PO  Amendment Entry for two item changing Quantity PUOM and Delivery Date </FONT></b><br/>
Click Sucessfully == Purchase Module<br/>
Click Sucessfully == Labour Rate Contract Amendment Entry<br/>
Click Sucessfully == Labour Rate Contract Amendent  Entry add new button<br/>
Click sucessfully==LRC AMD YEAR<br/>
Option Sucessfully Selected==<b>LRC AMD YEAR==22-23</b><br/>
Click sucessfully==LRC AMD Group<br/>
Option Sucessfully Selected==<b>LRC AMD Group==LB - LABOUR PURCHASE ORDER - NPD</b><br/>
Click sucessfully==LRC AMD SITE<br/>
Option Sucessfully Selected==<b>LRC AMD SITE==S1 - QC Site PARLE ELI-PRD</b><br/>
Click sucessfully==LRC Number<br/>
<b><FONT COLOR="#ff0000"> INVALID  Option/No such Option Present ==</FONT></b><b><FONT COLOR="#0000ff">LRC Number==000338</FONT></b><br/>
no such element: Unable to locate element: {"method":"xpath","selector":"//span[contains(text(),'000338')]"}
  (Session info: chrome=109.0.5414.120)
For documentation on this error, please visit: https://selenium.dev/exceptions/#no_such_element
Build info: version: '4.6.0', revision: '79f1c02ae20'
System info: os.name: 'Windows 10', os.arch: 'amd64', os.version: '10.0', java.version: '17.0.6'
Driver info: org.openqa.selenium.chrome.ChromeDriver
Command: [48eca6c056510b247dea537c871e402a, findElement {using=xpath, value=//span[contains(text(),'000338')]}]
Capabilities {acceptInsecureCerts: false, browserName: chrome, browserVersion: 109.0.5414.120, chrome: {chromedriverVersion: 109.0.5414.74 (e7c5703604da..., userDataDir: C:\Users\Ankush\AppData\Loc...}, goog:chromeOptions: {debuggerAddress: localhost:55512}, networkConnectionEnabled: false, pageLoadStrategy: normal, platformName: WINDOWS, proxy: Proxy(), se:cdp: ws://localhost:55512/devtoo..., se:cdpVersion: 109.0.5414.120, setWindowRect: true, strictFileInteractability: false, timeouts: {implicit: 0, pageLoad: 300000, script: 30000}, unhandledPromptBehavior: dismiss and notify, webauthn:extension:credBlob: true, webauthn:extension:largeBlob: true, webauthn:virtualAuthenticators: true}
Session ID: 48eca6c056510b247dea537c871e402a<br/>
Click Sucessfully==<br/>
Screenshot taken Succesfully==D:\ANKUSH\NEW_HORIZON\ScreenShots\Failure.png<br/>
</div>
</td>
<td><div><pre>org.openqa.selenium.TimeoutException: Expected condition failed: waiting for visibility of [[ChromeDriver: chrome on WINDOWS (48eca6c056510b247dea537c871e402a)] -&gt; xpath: (//div[contains(@class,&apos;jqx-calendar-title-content jqx-calendar-title-content-imms&apos;)])[3]] (tried for 30 second(s) with 500 milliseconds interval)
Build info: version: &apos;4.6.0&apos;, revision: &apos;79f1c02ae20&apos;
System info: os.name: &apos;Windows 10&apos;, os.arch: &apos;amd64&apos;, os.version: &apos;10.0&apos;, java.version: &apos;17.0.6&apos;
Driver info: org.openqa.selenium.chrome.ChromeDriver
Capabilities {acceptInsecureCerts: false, browserName: chrome, browserVersion: 109.0.5414.120, chrome: {chromedriverVersion: 109.0.5414.74 (e7c5703604da..., userDataDir: C:\Users\Ankush\AppData\Loc...}, goog:chromeOptions: {debuggerAddress: localhost:55512}, networkConnectionEnabled: false, pageLoadStrategy: normal, platformName: WINDOWS, proxy: Proxy(), se:cdp: ws://localhost:55512/devtoo..., se:cdpVersion: 109.0.5414.120, setWindowRect: true, strictFileInteractability: false, timeouts: {implicit: 0, pageLoad: 300000, script: 30000}, unhandledPromptBehavior: dismiss and notify, webauthn:extension:credBlob: true, webauthn:extension:largeBlob: true, webauthn:virtualAuthenticators: true}
Session ID: 48eca6c056510b247dea537c871e402a
	at org.openqa.selenium.support.ui.WebDriverWait.timeoutException(WebDriverWait.java:87)
	at org.openqa.selenium.support.ui.FluentWait.until(FluentWait.java:231)
	at com.utility.Library.Explicitlywait(Library.java:362)
	at purchase.LabourRateContractAMD.DATEPICKER(LabourRateContractAMD.java:546)
	at purchase.LabourRateContractAMD.LRCAMD001(LabourRateContractAMD.java:80)
	at java.base/java.util.ArrayList.forEach(ArrayList.java:1511)
... Removed 31 stack frames</pre></div><a href='#' onClick='toggleBox("stack-trace788107378", this, "Click to show all stack frames", "Click to hide stack frames")'>Click to show all stack frames</a>
<div class='stack-trace' id='stack-trace788107378'><pre>org.openqa.selenium.TimeoutException: Expected condition failed: waiting for visibility of [[ChromeDriver: chrome on WINDOWS (48eca6c056510b247dea537c871e402a)] -&gt; xpath: (//div[contains(@class,&apos;jqx-calendar-title-content jqx-calendar-title-content-imms&apos;)])[3]] (tried for 30 second(s) with 500 milliseconds interval)
Build info: version: &apos;4.6.0&apos;, revision: &apos;79f1c02ae20&apos;
System info: os.name: &apos;Windows 10&apos;, os.arch: &apos;amd64&apos;, os.version: &apos;10.0&apos;, java.version: &apos;17.0.6&apos;
Driver info: org.openqa.selenium.chrome.ChromeDriver
Capabilities {acceptInsecureCerts: false, browserName: chrome, browserVersion: 109.0.5414.120, chrome: {chromedriverVersion: 109.0.5414.74 (e7c5703604da..., userDataDir: C:\Users\Ankush\AppData\Loc...}, goog:chromeOptions: {debuggerAddress: localhost:55512}, networkConnectionEnabled: false, pageLoadStrategy: normal, platformName: WINDOWS, proxy: Proxy(), se:cdp: ws://localhost:55512/devtoo..., se:cdpVersion: 109.0.5414.120, setWindowRect: true, strictFileInteractability: false, timeouts: {implicit: 0, pageLoad: 300000, script: 30000}, unhandledPromptBehavior: dismiss and notify, webauthn:extension:credBlob: true, webauthn:extension:largeBlob: true, webauthn:virtualAuthenticators: true}
Session ID: 48eca6c056510b247dea537c871e402a
	at org.openqa.selenium.support.ui.WebDriverWait.timeoutException(WebDriverWait.java:87)
	at org.openqa.selenium.support.ui.FluentWait.until(FluentWait.java:231)
	at com.utility.Library.Explicitlywait(Library.java:362)
	at purchase.LabourRateContractAMD.DATEPICKER(LabourRateContractAMD.java:546)
	at purchase.LabourRateContractAMD.LRCAMD001(LabourRateContractAMD.java:80)
	at java.base/jdk.internal.reflect.NativeMethodAccessorImpl.invoke0(Native Method)
	at java.base/jdk.internal.reflect.NativeMethodAccessorImpl.invoke(NativeMethodAccessorImpl.java:77)
	at java.base/jdk.internal.reflect.DelegatingMethodAccessorImpl.invoke(DelegatingMethodAccessorImpl.java:43)
	at java.base/java.lang.reflect.Method.invoke(Method.java:568)
	at org.testng.internal.MethodInvocationHelper.invokeMethod(MethodInvocationHelper.java:132)
	at org.testng.internal.TestInvoker.invokeMethod(TestInvoker.java:599)
	at org.testng.internal.TestInvoker.invokeTestMethod(TestInvoker.java:174)
	at org.testng.internal.MethodRunner.runInSequence(MethodRunner.java:46)
	at org.testng.internal.TestInvoker$MethodInvocationAgent.invoke(TestInvoker.java:822)
	at org.testng.internal.TestInvoker.invokeTestMethods(TestInvoker.java:147)
	at org.testng.internal.TestMethodWorker.invokeTestMethods(TestMethodWorker.java:146)
	at org.testng.internal.TestMethodWorker.run(TestMethodWorker.java:128)
	at java.base/java.util.ArrayList.forEach(ArrayList.java:1511)
	at org.testng.TestRunner.privateRun(TestRunner.java:764)
	at org.testng.TestRunner.run(TestRunner.java:585)
	at org.testng.SuiteRunner.runTest(SuiteRunner.java:384)
	at org.testng.SuiteRunner.runSequentially(SuiteRunner.java:378)
	at org.testng.SuiteRunner.privateRun(SuiteRunner.java:337)
	at org.testng.SuiteRunner.run(SuiteRunner.java:286)
	at org.testng.SuiteRunnerWorker.runSuite(SuiteRunnerWorker.java:53)
	at org.testng.SuiteRunnerWorker.run(SuiteRunnerWorker.java:96)
	at org.testng.TestNG.runSuitesSequentially(TestNG.java:1218)
	at org.testng.TestNG.runSuitesLocally(TestNG.java:1140)
	at org.testng.TestNG.runSuites(TestNG.java:1069)
	at org.testng.TestNG.run(TestNG.java:1037)
	at org.apache.maven.surefire.testng.TestNGExecutor.run(TestNGExecutor.java:324)
	at org.apache.maven.surefire.testng.TestNGXmlTestSuite.execute(TestNGXmlTestSuite.java:74)
	at org.apache.maven.surefire.testng.TestNGProvider.invoke(TestNGProvider.java:123)
	at org.apache.maven.surefire.booter.ForkedBooter.runSuitesInProcess(ForkedBooter.java:456)
	at org.apache.maven.surefire.booter.ForkedBooter.execute(ForkedBooter.java:169)
	at org.apache.maven.surefire.booter.ForkedBooter.run(ForkedBooter.java:595)
	at org.apache.maven.surefire.booter.ForkedBooter.main(ForkedBooter.java:581)
</pre></div></td>
<td>153</td>
<td>purchase.LabourRateContractAMD@449a4f23</td></tr>
<tr>
<td title='purchase.LabourRateContractAMD.LRCAMD002()'><b>LRCAMD002</b><br>Test class: purchase.LabourRateContractAMD<br/>
<a href="#Output-430433816" onClick='toggleBox("Output-430433816", this, "Show output", "Hide output");'>Show output</a>

<a href="#Output-430433816" onClick="toggleAllBoxes();">Show all outputs</a>
<div class='log' id="Output-430433816">
<b><FONT COLOR=\"1f7a1f\">Test Case ID==LRCAMD001</FONT></b><br/>
<b><FONT COLOR=\"1f7a1f\">Test Case Description==LRC PO  Amendment Entry for two item changing Quantity PUOM and Delivery Date </FONT></b><br/>
Click Sucessfully == Purchase Module<br/>
Click Sucessfully == Labour Rate Contract Amendment Entry<br/>
Click Sucessfully == Labour Rate Contract Amendent  Entry add new button<br/>
Screenshot taken Succesfully==D:\ANKUSH\NEW_HORIZON\ScreenShots\Failure.png<br/>
</div>
</td>
<td><div><pre>org.openqa.selenium.ElementClickInterceptedException: element click intercepted: Element &lt;ng-select bindlabel=&quot;poyear&quot; bindvalue=&quot;poyear&quot; class=&quot;ng-select ng-select-single ng-select-searchable ng-select-clearable ng-untouched ng-pristine ng-invalid&quot; formcontrolname=&quot;indentYear&quot; placeholder=&quot;&quot; role=&quot;listbox&quot;&gt;...&lt;/ng-select&gt; is not clickable at point (112, 14). Other element would receive the click: &lt;img _ngcontent-dlv-c2=&quot;&quot; alt=&quot;&quot; src=&quot;../../../../assets/images/logo-imms.svg&quot;&gt;
  (Session info: chrome=109.0.5414.120)
Build info: version: &apos;4.6.0&apos;, revision: &apos;79f1c02ae20&apos;
System info: os.name: &apos;Windows 10&apos;, os.arch: &apos;amd64&apos;, os.version: &apos;10.0&apos;, java.version: &apos;17.0.6&apos;
Driver info: org.openqa.selenium.chrome.ChromeDriver
Command: [48eca6c056510b247dea537c871e402a, clickElement {id=b8edb72f-40e0-4e94-9d2e-62d4c2da8587}]
Capabilities {acceptInsecureCerts: false, browserName: chrome, browserVersion: 109.0.5414.120, chrome: {chromedriverVersion: 109.0.5414.74 (e7c5703604da..., userDataDir: C:\Users\Ankush\AppData\Loc...}, goog:chromeOptions: {debuggerAddress: localhost:55512}, networkConnectionEnabled: false, pageLoadStrategy: normal, platformName: WINDOWS, proxy: Proxy(), se:cdp: ws://localhost:55512/devtoo..., se:cdpVersion: 109.0.5414.120, setWindowRect: true, strictFileInteractability: false, timeouts: {implicit: 0, pageLoad: 300000, script: 30000}, unhandledPromptBehavior: dismiss and notify, webauthn:extension:credBlob: true, webauthn:extension:largeBlob: true, webauthn:virtualAuthenticators: true}
Element: [[ChromeDriver: chrome on WINDOWS (48eca6c056510b247dea537c871e402a)] -&gt; xpath: //ng-select[@formcontrolname=&apos;indentYear&apos;]]
Session ID: 48eca6c056510b247dea537c871e402a
	at org.openqa.selenium.remote.codec.w3c.W3CHttpResponseCodec.createException(W3CHttpResponseCodec.java:200)
	at org.openqa.selenium.remote.codec.w3c.W3CHttpResponseCodec.decode(W3CHttpResponseCodec.java:133)
	at org.openqa.selenium.remote.codec.w3c.W3CHttpResponseCodec.decode(W3CHttpResponseCodec.java:53)
	at org.openqa.selenium.remote.HttpCommandExecutor.execute(HttpCommandExecutor.java:184)
	at org.openqa.selenium.remote.service.DriverCommandExecutor.invokeExecute(DriverCommandExecutor.java:167)
	at org.openqa.selenium.remote.service.DriverCommandExecutor.execute(DriverCommandExecutor.java:142)
	at org.openqa.selenium.remote.RemoteWebDriver.execute(RemoteWebDriver.java:541)
	at org.openqa.selenium.remote.RemoteWebElement.execute(RemoteWebElement.java:257)
	at org.openqa.selenium.remote.RemoteWebElement.click(RemoteWebElement.java:78)
	at org.openqa.selenium.support.pagefactory.internal.LocatingElementHandler.invoke(LocatingElementHandler.java:52)
	at jdk.proxy2/jdk.proxy2.$Proxy20.click(Unknown Source)
	at com.utility.Library.Comboclick(Library.java:239)
	at purchase.LabourRateContractAMD.LRCAMD002(LabourRateContractAMD.java:307)
	at java.base/java.util.ArrayList.forEach(ArrayList.java:1511)
... Removed 38 stack frames</pre></div><a href='#' onClick='toggleBox("stack-trace430433816", this, "Click to show all stack frames", "Click to hide stack frames")'>Click to show all stack frames</a>
<div class='stack-trace' id='stack-trace430433816'><pre>org.openqa.selenium.ElementClickInterceptedException: element click intercepted: Element &lt;ng-select bindlabel=&quot;poyear&quot; bindvalue=&quot;poyear&quot; class=&quot;ng-select ng-select-single ng-select-searchable ng-select-clearable ng-untouched ng-pristine ng-invalid&quot; formcontrolname=&quot;indentYear&quot; placeholder=&quot;&quot; role=&quot;listbox&quot;&gt;...&lt;/ng-select&gt; is not clickable at point (112, 14). Other element would receive the click: &lt;img _ngcontent-dlv-c2=&quot;&quot; alt=&quot;&quot; src=&quot;../../../../assets/images/logo-imms.svg&quot;&gt;
  (Session info: chrome=109.0.5414.120)
Build info: version: &apos;4.6.0&apos;, revision: &apos;79f1c02ae20&apos;
System info: os.name: &apos;Windows 10&apos;, os.arch: &apos;amd64&apos;, os.version: &apos;10.0&apos;, java.version: &apos;17.0.6&apos;
Driver info: org.openqa.selenium.chrome.ChromeDriver
Command: [48eca6c056510b247dea537c871e402a, clickElement {id=b8edb72f-40e0-4e94-9d2e-62d4c2da8587}]
Capabilities {acceptInsecureCerts: false, browserName: chrome, browserVersion: 109.0.5414.120, chrome: {chromedriverVersion: 109.0.5414.74 (e7c5703604da..., userDataDir: C:\Users\Ankush\AppData\Loc...}, goog:chromeOptions: {debuggerAddress: localhost:55512}, networkConnectionEnabled: false, pageLoadStrategy: normal, platformName: WINDOWS, proxy: Proxy(), se:cdp: ws://localhost:55512/devtoo..., se:cdpVersion: 109.0.5414.120, setWindowRect: true, strictFileInteractability: false, timeouts: {implicit: 0, pageLoad: 300000, script: 30000}, unhandledPromptBehavior: dismiss and notify, webauthn:extension:credBlob: true, webauthn:extension:largeBlob: true, webauthn:virtualAuthenticators: true}
Element: [[ChromeDriver: chrome on WINDOWS (48eca6c056510b247dea537c871e402a)] -&gt; xpath: //ng-select[@formcontrolname=&apos;indentYear&apos;]]
Session ID: 48eca6c056510b247dea537c871e402a
	at jdk.internal.reflect.GeneratedConstructorAccessor29.newInstance(Unknown Source)
	at java.base/jdk.internal.reflect.DelegatingConstructorAccessorImpl.newInstance(DelegatingConstructorAccessorImpl.java:45)
	at java.base/java.lang.reflect.Constructor.newInstanceWithCaller(Constructor.java:499)
	at java.base/java.lang.reflect.Constructor.newInstance(Constructor.java:480)
	at org.openqa.selenium.remote.codec.w3c.W3CHttpResponseCodec.createException(W3CHttpResponseCodec.java:200)
	at org.openqa.selenium.remote.codec.w3c.W3CHttpResponseCodec.decode(W3CHttpResponseCodec.java:133)
	at org.openqa.selenium.remote.codec.w3c.W3CHttpResponseCodec.decode(W3CHttpResponseCodec.java:53)
	at org.openqa.selenium.remote.HttpCommandExecutor.execute(HttpCommandExecutor.java:184)
	at org.openqa.selenium.remote.service.DriverCommandExecutor.invokeExecute(DriverCommandExecutor.java:167)
	at org.openqa.selenium.remote.service.DriverCommandExecutor.execute(DriverCommandExecutor.java:142)
	at org.openqa.selenium.remote.RemoteWebDriver.execute(RemoteWebDriver.java:541)
	at org.openqa.selenium.remote.RemoteWebElement.execute(RemoteWebElement.java:257)
	at org.openqa.selenium.remote.RemoteWebElement.click(RemoteWebElement.java:78)
	at jdk.internal.reflect.GeneratedMethodAccessor4.invoke(Unknown Source)
	at java.base/jdk.internal.reflect.DelegatingMethodAccessorImpl.invoke(DelegatingMethodAccessorImpl.java:43)
	at java.base/java.lang.reflect.Method.invoke(Method.java:568)
	at org.openqa.selenium.support.pagefactory.internal.LocatingElementHandler.invoke(LocatingElementHandler.java:52)
	at jdk.proxy2/jdk.proxy2.$Proxy20.click(Unknown Source)
	at com.utility.Library.Comboclick(Library.java:239)
	at purchase.LabourRateContractAMD.LRCAMD002(LabourRateContractAMD.java:307)
	at java.base/jdk.internal.reflect.NativeMethodAccessorImpl.invoke0(Native Method)
	at java.base/jdk.internal.reflect.NativeMethodAccessorImpl.invoke(NativeMethodAccessorImpl.java:77)
	at java.base/jdk.internal.reflect.DelegatingMethodAccessorImpl.invoke(DelegatingMethodAccessorImpl.java:43)
	at java.base/java.lang.reflect.Method.invoke(Method.java:568)
	at org.testng.internal.MethodInvocationHelper.invokeMethod(MethodInvocationHelper.java:132)
	at org.testng.internal.TestInvoker.invokeMethod(TestInvoker.java:599)
	at org.testng.internal.TestInvoker.invokeTestMethod(TestInvoker.java:174)
	at org.testng.internal.MethodRunner.runInSequence(MethodRunner.java:46)
	at org.testng.internal.TestInvoker$MethodInvocationAgent.invoke(TestInvoker.java:822)
	at org.testng.internal.TestInvoker.invokeTestMethods(TestInvoker.java:147)
	at org.testng.internal.TestMethodWorker.invokeTestMethods(TestMethodWorker.java:146)
	at org.testng.internal.TestMethodWorker.run(TestMethodWorker.java:128)
	at java.base/java.util.ArrayList.forEach(ArrayList.java:1511)
	at org.testng.TestRunner.privateRun(TestRunner.java:764)
	at org.testng.TestRunner.run(TestRunner.java:585)
	at org.testng.SuiteRunner.runTest(SuiteRunner.java:384)
	at org.testng.SuiteRunner.runSequentially(SuiteRunner.java:378)
	at org.testng.SuiteRunner.privateRun(SuiteRunner.java:337)
	at org.testng.SuiteRunner.run(SuiteRunner.java:286)
	at org.testng.SuiteRunnerWorker.runSuite(SuiteRunnerWorker.java:53)
	at org.testng.SuiteRunnerWorker.run(SuiteRunnerWorker.java:96)
	at org.testng.TestNG.runSuitesSequentially(TestNG.java:1218)
	at org.testng.TestNG.runSuitesLocally(TestNG.java:1140)
	at org.testng.TestNG.runSuites(TestNG.java:1069)
	at org.testng.TestNG.run(TestNG.java:1037)
	at org.apache.maven.surefire.testng.TestNGExecutor.run(TestNGExecutor.java:324)
	at org.apache.maven.surefire.testng.TestNGXmlTestSuite.execute(TestNGXmlTestSuite.java:74)
	at org.apache.maven.surefire.testng.TestNGProvider.invoke(TestNGProvider.java:123)
	at org.apache.maven.surefire.booter.ForkedBooter.runSuitesInProcess(ForkedBooter.java:456)
	at org.apache.maven.surefire.booter.ForkedBooter.execute(ForkedBooter.java:169)
	at org.apache.maven.surefire.booter.ForkedBooter.run(ForkedBooter.java:595)
	at org.apache.maven.surefire.booter.ForkedBooter.main(ForkedBooter.java:581)
</pre></div></td>
<td>20</td>
<td>purchase.LabourRateContractAMD@449a4f23</td></tr>
<tr>
<td title='purchase.LabourRateContractAMD.Login()'><b>Login</b><br>Test class: purchase.LabourRateContractAMD<br/>
<a href="#Output-1937115923" onClick='toggleBox("Output-1937115923", this, "Show output", "Hide output");'>Show output</a>

<a href="#Output-1937115923" onClick="toggleAllBoxes();">Show all outputs</a>
<div class='log' id="Output-1937115923">
Screenshot taken Succesfully==D:\ANKUSH\NEW_HORIZON\ScreenShots\Failure.png<br/>
</div>
</td>
<td><div><pre>org.openqa.selenium.NoSuchElementException: no such element: Unable to locate element: {&quot;method&quot;:&quot;xpath&quot;,&quot;selector&quot;:&quot;//input[@formcontrolname=&apos;userName&apos;]&quot;}
  (Session info: chrome=109.0.5414.120)
For documentation on this error, please visit: https://selenium.dev/exceptions/#no_such_element
Build info: version: &apos;4.6.0&apos;, revision: &apos;79f1c02ae20&apos;
System info: os.name: &apos;Windows 10&apos;, os.arch: &apos;amd64&apos;, os.version: &apos;10.0&apos;, java.version: &apos;17.0.6&apos;
Driver info: org.openqa.selenium.chrome.ChromeDriver
Command: [48eca6c056510b247dea537c871e402a, findElement {using=xpath, value=//input[@formcontrolname=&apos;userName&apos;]}]
Capabilities {acceptInsecureCerts: false, browserName: chrome, browserVersion: 109.0.5414.120, chrome: {chromedriverVersion: 109.0.5414.74 (e7c5703604da..., userDataDir: C:\Users\Ankush\AppData\Loc...}, goog:chromeOptions: {debuggerAddress: localhost:55512}, networkConnectionEnabled: false, pageLoadStrategy: normal, platformName: WINDOWS, proxy: Proxy(), se:cdp: ws://localhost:55512/devtoo..., se:cdpVersion: 109.0.5414.120, setWindowRect: true, strictFileInteractability: false, timeouts: {implicit: 0, pageLoad: 300000, script: 30000}, unhandledPromptBehavior: dismiss and notify, webauthn:extension:credBlob: true, webauthn:extension:largeBlob: true, webauthn:virtualAuthenticators: true}
Session ID: 48eca6c056510b247dea537c871e402a
	at org.openqa.selenium.remote.codec.w3c.W3CHttpResponseCodec.createException(W3CHttpResponseCodec.java:200)
	at org.openqa.selenium.remote.codec.w3c.W3CHttpResponseCodec.decode(W3CHttpResponseCodec.java:133)
	at org.openqa.selenium.remote.codec.w3c.W3CHttpResponseCodec.decode(W3CHttpResponseCodec.java:53)
	at org.openqa.selenium.remote.HttpCommandExecutor.execute(HttpCommandExecutor.java:184)
	at org.openqa.selenium.remote.service.DriverCommandExecutor.invokeExecute(DriverCommandExecutor.java:167)
	at org.openqa.selenium.remote.service.DriverCommandExecutor.execute(DriverCommandExecutor.java:142)
	at org.openqa.selenium.remote.RemoteWebDriver.execute(RemoteWebDriver.java:541)
	at org.openqa.selenium.remote.ElementLocation$ElementFinder$2.findElement(ElementLocation.java:162)
	at org.openqa.selenium.remote.ElementLocation.findElement(ElementLocation.java:60)
	at org.openqa.selenium.remote.RemoteWebDriver.findElement(RemoteWebDriver.java:365)
	at org.openqa.selenium.remote.RemoteWebDriver.findElement(RemoteWebDriver.java:357)
	at org.openqa.selenium.support.pagefactory.DefaultElementLocator.findElement(DefaultElementLocator.java:70)
	at org.openqa.selenium.support.pagefactory.internal.LocatingElementHandler.invoke(LocatingElementHandler.java:39)
	at jdk.proxy2/jdk.proxy2.$Proxy20.sendKeys(Unknown Source)
	at com.utility.Library.login(Library.java:45)
	at purchase.LabourRateContractAMD.Login(LabourRateContractAMD.java:21)
	at java.base/java.util.ArrayList.forEach(ArrayList.java:1511)
... Removed 36 stack frames</pre></div><a href='#' onClick='toggleBox("stack-trace1937115923", this, "Click to show all stack frames", "Click to hide stack frames")'>Click to show all stack frames</a>
<div class='stack-trace' id='stack-trace1937115923'><pre>org.openqa.selenium.NoSuchElementException: no such element: Unable to locate element: {&quot;method&quot;:&quot;xpath&quot;,&quot;selector&quot;:&quot;//input[@formcontrolname=&apos;userName&apos;]&quot;}
  (Session info: chrome=109.0.5414.120)
For documentation on this error, please visit: https://selenium.dev/exceptions/#no_such_element
Build info: version: &apos;4.6.0&apos;, revision: &apos;79f1c02ae20&apos;
System info: os.name: &apos;Windows 10&apos;, os.arch: &apos;amd64&apos;, os.version: &apos;10.0&apos;, java.version: &apos;17.0.6&apos;
Driver info: org.openqa.selenium.chrome.ChromeDriver
Command: [48eca6c056510b247dea537c871e402a, findElement {using=xpath, value=//input[@formcontrolname=&apos;userName&apos;]}]
Capabilities {acceptInsecureCerts: false, browserName: chrome, browserVersion: 109.0.5414.120, chrome: {chromedriverVersion: 109.0.5414.74 (e7c5703604da..., userDataDir: C:\Users\Ankush\AppData\Loc...}, goog:chromeOptions: {debuggerAddress: localhost:55512}, networkConnectionEnabled: false, pageLoadStrategy: normal, platformName: WINDOWS, proxy: Proxy(), se:cdp: ws://localhost:55512/devtoo..., se:cdpVersion: 109.0.5414.120, setWindowRect: true, strictFileInteractability: false, timeouts: {implicit: 0, pageLoad: 300000, script: 30000}, unhandledPromptBehavior: dismiss and notify, webauthn:extension:credBlob: true, webauthn:extension:largeBlob: true, webauthn:virtualAuthenticators: true}
Session ID: 48eca6c056510b247dea537c871e402a
	at java.base/jdk.internal.reflect.NativeConstructorAccessorImpl.newInstance0(Native Method)
	at java.base/jdk.internal.reflect.NativeConstructorAccessorImpl.newInstance(NativeConstructorAccessorImpl.java:77)
	at java.base/jdk.internal.reflect.DelegatingConstructorAccessorImpl.newInstance(DelegatingConstructorAccessorImpl.java:45)
	at java.base/java.lang.reflect.Constructor.newInstanceWithCaller(Constructor.java:499)
	at java.base/java.lang.reflect.Constructor.newInstance(Constructor.java:480)
	at org.openqa.selenium.remote.codec.w3c.W3CHttpResponseCodec.createException(W3CHttpResponseCodec.java:200)
	at org.openqa.selenium.remote.codec.w3c.W3CHttpResponseCodec.decode(W3CHttpResponseCodec.java:133)
	at org.openqa.selenium.remote.codec.w3c.W3CHttpResponseCodec.decode(W3CHttpResponseCodec.java:53)
	at org.openqa.selenium.remote.HttpCommandExecutor.execute(HttpCommandExecutor.java:184)
	at org.openqa.selenium.remote.service.DriverCommandExecutor.invokeExecute(DriverCommandExecutor.java:167)
	at org.openqa.selenium.remote.service.DriverCommandExecutor.execute(DriverCommandExecutor.java:142)
	at org.openqa.selenium.remote.RemoteWebDriver.execute(RemoteWebDriver.java:541)
	at org.openqa.selenium.remote.ElementLocation$ElementFinder$2.findElement(ElementLocation.java:162)
	at org.openqa.selenium.remote.ElementLocation.findElement(ElementLocation.java:60)
	at org.openqa.selenium.remote.RemoteWebDriver.findElement(RemoteWebDriver.java:365)
	at org.openqa.selenium.remote.RemoteWebDriver.findElement(RemoteWebDriver.java:357)
	at org.openqa.selenium.support.pagefactory.DefaultElementLocator.findElement(DefaultElementLocator.java:70)
	at org.openqa.selenium.support.pagefactory.internal.LocatingElementHandler.invoke(LocatingElementHandler.java:39)
	at jdk.proxy2/jdk.proxy2.$Proxy20.sendKeys(Unknown Source)
	at com.utility.Library.login(Library.java:45)
	at purchase.LabourRateContractAMD.Login(LabourRateContractAMD.java:21)
	at java.base/jdk.internal.reflect.NativeMethodAccessorImpl.invoke0(Native Method)
	at java.base/jdk.internal.reflect.NativeMethodAccessorImpl.invoke(NativeMethodAccessorImpl.java:77)
	at java.base/jdk.internal.reflect.DelegatingMethodAccessorImpl.invoke(DelegatingMethodAccessorImpl.java:43)
	at java.base/java.lang.reflect.Method.invoke(Method.java:568)
	at org.testng.internal.MethodInvocationHelper.invokeMethod(MethodInvocationHelper.java:132)
	at org.testng.internal.TestInvoker.invokeMethod(TestInvoker.java:599)
	at org.testng.internal.TestInvoker.invokeTestMethod(TestInvoker.java:174)
	at org.testng.internal.MethodRunner.runInSequence(MethodRunner.java:46)
	at org.testng.internal.TestInvoker$MethodInvocationAgent.invoke(TestInvoker.java:822)
	at org.testng.internal.TestInvoker.invokeTestMethods(TestInvoker.java:147)
	at org.testng.internal.TestMethodWorker.invokeTestMethods(TestMethodWorker.java:146)
	at org.testng.internal.TestMethodWorker.run(TestMethodWorker.java:128)
	at java.base/java.util.ArrayList.forEach(ArrayList.java:1511)
	at org.testng.TestRunner.privateRun(TestRunner.java:764)
	at org.testng.TestRunner.run(TestRunner.java:585)
	at org.testng.SuiteRunner.runTest(SuiteRunner.java:384)
	at org.testng.SuiteRunner.runSequentially(SuiteRunner.java:378)
	at org.testng.SuiteRunner.privateRun(SuiteRunner.java:337)
	at org.testng.SuiteRunner.run(SuiteRunner.java:286)
	at org.testng.SuiteRunnerWorker.runSuite(SuiteRunnerWorker.java:53)
	at org.testng.SuiteRunnerWorker.run(SuiteRunnerWorker.java:96)
	at org.testng.TestNG.runSuitesSequentially(TestNG.java:1218)
	at org.testng.TestNG.runSuitesLocally(TestNG.java:1140)
	at org.testng.TestNG.runSuites(TestNG.java:1069)
	at org.testng.TestNG.run(TestNG.java:1037)
	at org.apache.maven.surefire.testng.TestNGExecutor.run(TestNGExecutor.java:324)
	at org.apache.maven.surefire.testng.TestNGXmlTestSuite.execute(TestNGXmlTestSuite.java:74)
	at org.apache.maven.surefire.testng.TestNGProvider.invoke(TestNGProvider.java:123)
	at org.apache.maven.surefire.booter.ForkedBooter.runSuitesInProcess(ForkedBooter.java:456)
	at org.apache.maven.surefire.booter.ForkedBooter.execute(ForkedBooter.java:169)
	at org.apache.maven.surefire.booter.ForkedBooter.run(ForkedBooter.java:595)
	at org.apache.maven.surefire.booter.ForkedBooter.main(ForkedBooter.java:581)
</pre></div></td>
<td>50</td>
<td>purchase.LabourRateContractAMD@449a4f23</td></tr>
</table><p>
<table width='100%' border='1' class='invocation-passed'>
<tr><td colspan='4' align='center'><b>PASSED TESTS</b></td></tr>
<tr><td><b>Test method</b></td>
<td width="30%"><b>Exception</b></td>
<td width="10%"><b>Time (seconds)</b></td>
<td><b>Instance</b></td>
</tr>
<tr>
<td title='purchase.LabourRateContractEntry.LRC001()'><b>LRC001</b><br>Test class: purchase.LabourRateContractEntry<br/>
<a href="#Output-1641418296" onClick='toggleBox("Output-1641418296", this, "Show output", "Hide output");'>Show output</a>

<a href="#Output-1641418296" onClick="toggleAllBoxes();">Show all outputs</a>
<div class='log' id="Output-1641418296">
<b><FONT COLOR=\"1f7a1f\">Test Case ID==LRC001</FONT></b><br/>
<b><FONT COLOR=\"1f7a1f\">Test Case Description==Test Case For LRC Entry of single item with Four  delivery schedule.</FONT></b><br/>
Click Sucessfully == Purchase Module<br/>
Click Sucessfully == Labour Rate Contract Entry<br/>
Click Sucessfully == Labour Rate Contract Entry add new button<br/>
Click Sucessfully==<br/>
Click Sucessfully==<br/>
Click Sucessfully==<br/>
Click Sucessfully==<br/>
Click Sucessfully==<br/>
Click Sucessfully==5<br/>
Click Sucessfully==<br/>
Click Sucessfully==<br/>
Click Sucessfully==<br/>
Click Sucessfully==<br/>
Click Sucessfully==<br/>
Click Sucessfully==31<br/>
Click Sucessfully == Purchase Order Information NEXTBUTTON<br/>
Click Sucessfully==<br/>
Item code Search Filed value succesfully send == <b>A020</b><br/>
Click sucessfully==Buyer combo box<br/>
Option Sucessfully Selected==<b>Buyer combo box==HITESH K PATEL</b><br/>
Click Sucessfully==Next<br/>
Click sucessfully==Ratestucure<br/>
Option Sucessfully Selected==<b>Ratestucure==PIG7 - BV+PKG+FRT+INS+OTH+IGST 18%+TCS</b><br/>
Click Sucessfully==Next<br/>
Click Sucessfully==Add New<br/>
Click Sucessfully==<br/>
Item code Search Filed value succesfully send == <b>100100100-MK</b><br/>
Click Sucessfully==EC - ELECTRO POLISHING<br/>
Click Sucessfully==FG<br/>
Click Sucessfully == ItemCode1 Delivery ActionButton1<br/>
Click Sucessfully==Add New<br/>
Click Sucessfully==<br/>
Click Sucessfully==<br/>
Quantity for delivery 1 schedule value succesfully send == <b>100</b><br/>
Click Sucessfully==Delivery Field 1<br/>
Delivery date 1 value succesfully send == <b>10112022</b><br/>
Click Sucessfully==Add New<br/>
Quantity for delivery 2 schedule value succesfully send == <b>212</b><br/>
Click Sucessfully==Delivery Field 1<br/>
Delivery date 2 value succesfully send == <b>15112022</b><br/>
Click Sucessfully==Add New<br/>
Quantity for delivery 3 schedule value succesfully send == <b>310</b><br/>
Click Sucessfully==Delivery Date Field3<br/>
Delivery date 3 value succesfully send == <b>18112022</b><br/>
Click Sucessfully==Add New<br/>
Quantity for delivery 4 schedule value succesfully send == <b>400</b><br/>
Click Sucessfully==Delivery Date Field4<br/>
Delivery date 4 value succesfully send == <b>25112022</b><br/>
Click Sucessfully==Save button<br/>
<b><FONT COLOR=\"1f1f7a\">New generated LRC NUmber==000344</FONT></b><br/>
<font color =blue>Labour Rate Contract Entry Authorize Successfully'.</font><br/>
</div>
</td>
<td></td>
<td>411</td>
<td>purchase.LabourRateContractEntry@53fe15ff</td></tr>
<tr>
<td title='purchase.LabourRateContractEntry.LRC003()'><b>LRC003</b><br>Test class: purchase.LabourRateContractEntry<br/>
<a href="#Output-1045836435" onClick='toggleBox("Output-1045836435", this, "Show output", "Hide output");'>Show output</a>

<a href="#Output-1045836435" onClick="toggleAllBoxes();">Show all outputs</a>
<div class='log' id="Output-1045836435">
<b><FONT COLOR=\"1f7a1f\">Test Case ID==LRC003</FONT></b><br/>
<b><FONT COLOR=\"1f7a1f\">Test Case Description==Test case for LRC Entry 1 item with 2 different work order number  and second item with work order work order number</FONT></b><br/>
Click Sucessfully == Purchase Module<br/>
Click Sucessfully == Labour Rate Contract Entry<br/>
Click Sucessfully == Labour Rate Contract Entry add new button<br/>
Click Sucessfully==<br/>
Click Sucessfully==<br/>
Click Sucessfully==<br/>
Click Sucessfully==<br/>
Click Sucessfully==<br/>
Click Sucessfully==5<br/>
Click Sucessfully==<br/>
Click Sucessfully==<br/>
Click Sucessfully==<br/>
Click Sucessfully==<br/>
Click Sucessfully==<br/>
Click Sucessfully==31<br/>
Click Sucessfully == Purchase Order Information NEXTBUTTON<br/>
Click Sucessfully==<br/>
Item code Search Filed value succesfully send == <b>A020</b><br/>
Click sucessfully==Buyer combo box<br/>
Option Sucessfully Selected==<b>Buyer combo box==HITESH K PATEL</b><br/>
Click Sucessfully==Next<br/>
Click sucessfully==Ratestucure<br/>
Option Sucessfully Selected==<b>Ratestucure==PIG7 - BV+PKG+FRT+INS+OTH+IGST 18%+TCS</b><br/>
Click Sucessfully==Next<br/>
Click Sucessfully==Add New<br/>
Click Sucessfully==<br/>
Item code Search Filed value succesfully send == <b>1110012B</b><br/>
Click Sucessfully==CED - CATHODIC ELECTRO DEPOSITION PROCESS<br/>
Click Sucessfully==22-23/WO/S1 /005697<br/>
Click Sucessfully==PV<br/>
Click Sucessfully == ItemCode1 Delivery ActionButton1<br/>
Click Sucessfully==Add New<br/>
Click Sucessfully==<br/>
Click Sucessfully==<br/>
Quantity for delivery 1 schedule value succesfully send == <b>108.9</b><br/>
Click Sucessfully==Delivery Field 1<br/>
Delivery date 1 value succesfully send == <b>10112022</b><br/>
Click Sucessfully==Add New<br/>
Quantity for delivery 2 schedule value succesfully send == <b>24.6</b><br/>
Click Sucessfully==Delivery Field 1<br/>
Delivery date 2 value succesfully send == <b>15112022</b><br/>
Click Sucessfully==Add New<br/>
Quantity for delivery 3 schedule value succesfully send == <b>30.5</b><br/>
Click Sucessfully==Delivery Date Field3<br/>
Delivery date 3 value succesfully send == <b>18112022</b><br/>
Click Sucessfully==Add New<br/>
Quantity for delivery 4 schedule value succesfully send == <b>91.55</b><br/>
Click Sucessfully==Delivery Date Field4<br/>
Delivery date 4 value succesfully send == <b>25112022</b><br/>
Click Sucessfully==Add New<br/>
Click Sucessfully==<br/>
Item code Search Filed value succesfully send == <b>1110012B</b><br/>
Click Sucessfully==CED - CATHODIC ELECTRO DEPOSITION PROCESS<br/>
Click Sucessfully==22-23/WO/S1 /005702<br/>
Click Sucessfully==RE<br/>
Click Sucessfully == ItemCode2 Delivery ActionButton2<br/>
Click Sucessfully==Add New<br/>
Click Sucessfully==<br/>
Click Sucessfully==<br/>
Quantity for delivery 1 schedule value succesfully send == <b>10.5</b><br/>
Click Sucessfully==Delivery Field 1<br/>
Delivery date 1 value succesfully send == <b>10112022</b><br/>
Click Sucessfully==Add New<br/>
Quantity for delivery 2 schedule value succesfully send == <b>11.5</b><br/>
Click Sucessfully==Delivery Field 1<br/>
Delivery date 2 value succesfully send == <b>15112022</b><br/>
Click Sucessfully==Add New<br/>
Quantity for delivery 3 schedule value succesfully send == <b>9</b><br/>
Click Sucessfully==Delivery Date Field3<br/>
Delivery date 3 value succesfully send == <b>18112022</b><br/>
Click Sucessfully==Add New<br/>
Quantity for delivery 4 schedule value succesfully send == <b>13</b><br/>
Click Sucessfully==Delivery Date Field4<br/>
Delivery date 4 value succesfully send == <b>25112022</b><br/>
Click Sucessfully==Add New<br/>
Click Sucessfully==<br/>
Item code Search Filed value succesfully send == <b>1120023B</b><br/>
Click Sucessfully==CED - CATHODIC ELECTRO DEPOSITION PROCESS<br/>
Click Sucessfully==22-23/WO/S1 /005487<br/>
Click Sucessfully==RE<br/>
Click Sucessfully == ItemCode3 Delivery ActionButton3<br/>
Click Sucessfully==Add New<br/>
Quantity for delivery 1 schedule value succesfully send == <b>1</b><br/>
Click Sucessfully==Delivery Field 1<br/>
Delivery date 1 value succesfully send == <b>13112022</b><br/>
Click Sucessfully==Save button<br/>
<b><FONT COLOR=\"1f1f7a\">New generated LRC NUmber==000345</FONT></b><br/>
</div>
</td>
<td></td>
<td>725</td>
<td>purchase.LabourRateContractEntry@53fe15ff</td></tr>
<tr>
<td title='purchase.LabourRateContractEntry.Login()'><b>Login</b><br>Test class: purchase.LabourRateContractEntry<br/>
<a href="#Output-125802780" onClick='toggleBox("Output-125802780", this, "Show output", "Hide output");'>Show output</a>

<a href="#Output-125802780" onClick="toggleAllBoxes();">Show all outputs</a>
<div class='log' id="Output-125802780">
Connection  String value succesfully send == <b>Server=PC43\SQLEXPRESS;Database=QCNHADMPETPL;uid=sa;pwd=;Max Pool Size=1000;Connection TimeOut= 3000;</b><br/>
Username value succesfully send == <b>su</b><br/>
Password value succesfully send == <b>super</b><br/>
Click Sucessfully == Login Button<br/>
Dropdown  Company selected==QC's Parle Elizabeth Tools QC LTD<br/>
Dropdown  Company/Location selected==QC Site PARLE ELI-PRD<br/>
Click Sucessfully == submit Button<br/>
</div>
</td>
<td></td>
<td>13</td>
<td>purchase.LabourRateContractEntry@53fe15ff</td></tr>
</table><p>
</body>
</html>