<?xml version="1.0" encoding="UTF-8"?>
<!-- Generated by org.testng.reporters.JUnitReportReporter -->
<testsuite hostname="PC07" failures="0" tests="4" name="purchase.Indent_Po_Poamendment" time="351.237" errors="2" timestamp="2023-02-06T18:04:18 IST" skipped="0">
  <testcase classname="purchase.Indent_Po_Poamendment" name="Login" time="20.274"/>
  <system-out>
    <![CDATA[Connection  String value succesfully send == <b>Server=PC43\SQLEXPRESS;Database=QCNHADMPETPL;uid=sa;pwd=;Max Pool Size=1000;Connection TimeOut= 3000;</b>
Username value succesfully send == <b>su</b>
Password value succesfully send == <b>super</b>
Click Sucessfully == Login Button
Dropdown  Company selected==QC's Parle Elizabeth Tools QC LTD
Dropdown  Company/Location selected==QC Site PARLE ELI-PRD
Click Sucessfully == submit Button]]>
  </system-out>
  <testcase classname="purchase.Indent_Po_Poamendment" name="INDENT004" time="201.644"/>
  <system-out>
    <![CDATA[<b><FONT COLOR=\"1f7a1f\">Test Case ID==INDENT004</FONT></b>
<b><FONT COLOR=\"1f7a1f\">Test Case Description==Test Case For Indent Of Single Item Code with multiple Delivery schedule as Per ReQuirement considering sjo Number </FONT></b>
Click Sucessfully == PurchaseModule
Click Sucessfully == IndentEntry
Click Sucessfully == AddNewBtn
Click sucessfully==IntentReqBy
Option Sucessfully Selected==<b>IntentReqBy==MSD-Mahendra S Doshi</b>
Click Sucessfully==
Click Sucessfully==
Click Sucessfully==
Click Sucessfully==
Click Sucessfully==
Click Sucessfully==5
Click Sucessfully==Next
Click Sucessfully==Next
Click Sucessfully==Add New
Item code Seacrch text box value succesfully send == <b>9411062022</b>
Click Sucessfully==item code
Click Sucessfully == Add new second btn
Quantity Field  1 value succesfully send == <b>1</b>
Click Sucessfully==
Delivery Date 1 value succesfully send == <b>25102022</b>
Click Sucessfully==
SJO Number==21-22/SJ/S1/000089
Click Sucessfully == Add new second btn
Quantity Field  2 value succesfully send == <b>205</b>
Click Sucessfully==
Delivery Date 2 value succesfully send == <b>27102022</b>
Click Sucessfully == Add new second btn
Quantity Field  3 value succesfully send == <b>303</b>
Click Sucessfully==
Delivery Date 3 value succesfully send == <b>29102022</b>
Click Sucessfully == Add new second btn
Quantity Field  4 value succesfully send == <b>404</b>
Click Sucessfully==
Delivery Date 4 value succesfully send == <b>30102022</b>
Click Sucessfully == Add new second btn
Quantity Field  5 value succesfully send == <b>855</b>
Click Sucessfully==
Delivery Date 5 value succesfully send == <b>01112022</b>
Click Sucessfully==Save
Click Sucessfully==
<b><FONT COLOR=\"1f1f7a\">New generated Indent Number==000307</FONT></b>
Click Sucessfully == Indent Authorization Button ]]>
  </system-out>
  <testcase classname="purchase.Indent_Po_Poamendment" name="POI007" time="84.761">
    <error message="element click intercepted: Element &lt;div columnindex=&quot;4&quot; role=&quot;gridcell&quot; style=&quot;left: 318px; z-index: 1022; width:130px;&quot; class=&quot;jqx-grid-cell jqx-grid-cell-imms jqx-grid-cleared-cell jqx-grid-cleared-cell-imms jqx-grid-empty-cell jqx-grid-empty-cell-imms&quot;&gt;&lt;/div&gt; is not clickable at point (398, 530). Other element would receive the click: &lt;div columnindex=&quot;0&quot; role=&quot;gridcell&quot; style=&quot;left: 0px; z-index: 1026; width: 1313px; margin-left: 0px;&quot; tabindex=&quot;119&quot; &quot;=&quot;&quot; class=&quot;jqx-grid-cell jqx-grid-cell-imms jqx-grid-empty-cell jqx-grid-empty-cell-imms&quot;&gt;...&lt;/div&gt;
  (Session info: chrome=109.0.5414.120)
Build info: version: &#039;4.6.0&#039;, revision: &#039;79f1c02ae20&#039;
System info: os.name: &#039;Windows 10&#039;, os.arch: &#039;amd64&#039;, os.version: &#039;10.0&#039;, java.version: &#039;19.0.1&#039;
Driver info: org.openqa.selenium.chrome.ChromeDriver
Command: [3944bc43dbcc7587abe0cc32f280ebd3, clickElement {id=83c927e4-cad4-4380-b9f0-94a1b458665a}]
Capabilities {acceptInsecureCerts: false, browserName: chrome, browserVersion: 109.0.5414.120, chrome: {chromedriverVersion: 109.0.5414.74 (e7c5703604da..., userDataDir: C:\Users\Ankush\AppData\Loc...}, goog:chromeOptions: {debuggerAddress: localhost:58396}, networkConnectionEnabled: false, pageLoadStrategy: normal, platformName: WINDOWS, proxy: Proxy(), se:cdp: ws://localhost:58396/devtoo..., se:cdpVersion: 109.0.5414.120, setWindowRect: true, strictFileInteractability: false, timeouts: {implicit: 0, pageLoad: 300000, script: 30000}, unhandledPromptBehavior: dismiss and notify, webauthn:extension:credBlob: true, webauthn:extension:largeBlob: true, webauthn:virtualAuthenticators: true}
Element: [[ChromeDriver: chrome on WINDOWS (3944bc43dbcc7587abe0cc32f280ebd3)] -&gt; xpath: //div[contains(@id,&#039;row0jqxWidget&#039;)]//div[@columnindex=&#039;4&#039;]]
Session ID: 3944bc43dbcc7587abe0cc32f280ebd3" type="org.openqa.selenium.ElementClickInterceptedException">
      <![CDATA[org.openqa.selenium.ElementClickInterceptedException: element click intercepted: Element <div columnindex="4" role="gridcell" style="left: 318px; z-index: 1022; width:130px;" class="jqx-grid-cell jqx-grid-cell-imms jqx-grid-cleared-cell jqx-grid-cleared-cell-imms jqx-grid-empty-cell jqx-grid-empty-cell-imms"></div> is not clickable at point (398, 530). Other element would receive the click: <div columnindex="0" role="gridcell" style="left: 0px; z-index: 1026; width: 1313px; margin-left: 0px;" tabindex="119" "="" class="jqx-grid-cell jqx-grid-cell-imms jqx-grid-empty-cell jqx-grid-empty-cell-imms">...</div>
  (Session info: chrome=109.0.5414.120)
Build info: version: '4.6.0', revision: '79f1c02ae20'
System info: os.name: 'Windows 10', os.arch: 'amd64', os.version: '10.0', java.version: '19.0.1'
Driver info: org.openqa.selenium.chrome.ChromeDriver
Command: [3944bc43dbcc7587abe0cc32f280ebd3, clickElement {id=83c927e4-cad4-4380-b9f0-94a1b458665a}]
Capabilities {acceptInsecureCerts: false, browserName: chrome, browserVersion: 109.0.5414.120, chrome: {chromedriverVersion: 109.0.5414.74 (e7c5703604da..., userDataDir: C:\Users\Ankush\AppData\Loc...}, goog:chromeOptions: {debuggerAddress: localhost:58396}, networkConnectionEnabled: false, pageLoadStrategy: normal, platformName: WINDOWS, proxy: Proxy(), se:cdp: ws://localhost:58396/devtoo..., se:cdpVersion: 109.0.5414.120, setWindowRect: true, strictFileInteractability: false, timeouts: {implicit: 0, pageLoad: 300000, script: 30000}, unhandledPromptBehavior: dismiss and notify, webauthn:extension:credBlob: true, webauthn:extension:largeBlob: true, webauthn:virtualAuthenticators: true}
Element: [[ChromeDriver: chrome on WINDOWS (3944bc43dbcc7587abe0cc32f280ebd3)] -> xpath: //div[contains(@id,'row0jqxWidget')]//div[@columnindex='4']]
Session ID: 3944bc43dbcc7587abe0cc32f280ebd3
at java.base/jdk.internal.reflect.DirectConstructorHandleAccessor.newInstance(DirectConstructorHandleAccessor.java:67)
at java.base/java.lang.reflect.Constructor.newInstanceWithCaller(Constructor.java:500)
at java.base/java.lang.reflect.Constructor.newInstance(Constructor.java:484)
at org.openqa.selenium.remote.codec.w3c.W3CHttpResponseCodec.createException(W3CHttpResponseCodec.java:200)
at org.openqa.selenium.remote.codec.w3c.W3CHttpResponseCodec.decode(W3CHttpResponseCodec.java:133)
at org.openqa.selenium.remote.codec.w3c.W3CHttpResponseCodec.decode(W3CHttpResponseCodec.java:53)
at org.openqa.selenium.remote.HttpCommandExecutor.execute(HttpCommandExecutor.java:184)
at org.openqa.selenium.remote.service.DriverCommandExecutor.invokeExecute(DriverCommandExecutor.java:167)
at org.openqa.selenium.remote.service.DriverCommandExecutor.execute(DriverCommandExecutor.java:142)
at org.openqa.selenium.remote.RemoteWebDriver.execute(RemoteWebDriver.java:541)
at org.openqa.selenium.remote.RemoteWebElement.execute(RemoteWebElement.java:257)
at org.openqa.selenium.remote.RemoteWebElement.click(RemoteWebElement.java:78)
at java.base/jdk.internal.reflect.DirectMethodHandleAccessor.invoke(DirectMethodHandleAccessor.java:104)
at java.base/java.lang.reflect.Method.invoke(Method.java:578)
at org.openqa.selenium.support.pagefactory.internal.LocatingElementHandler.invoke(LocatingElementHandler.java:52)
at jdk.proxy2/jdk.proxy2.$Proxy23.click(Unknown Source)
at com.utility.JQXGRID.JQXDropdown(JQXGRID.java:20)
at purchase.Indent_Po_Poamendment.POI007(Indent_Po_Poamendment.java:382)
at java.base/jdk.internal.reflect.DirectMethodHandleAccessor.invoke(DirectMethodHandleAccessor.java:104)
at java.base/java.lang.reflect.Method.invoke(Method.java:578)
at org.testng.internal.MethodInvocationHelper.invokeMethod(MethodInvocationHelper.java:133)
at org.testng.internal.TestInvoker.invokeMethod(TestInvoker.java:598)
at org.testng.internal.TestInvoker.invokeTestMethod(TestInvoker.java:173)
at org.testng.internal.MethodRunner.runInSequence(MethodRunner.java:46)
at org.testng.internal.TestInvoker$MethodInvocationAgent.invoke(TestInvoker.java:824)
at org.testng.internal.TestInvoker.invokeTestMethods(TestInvoker.java:146)
at org.testng.internal.TestMethodWorker.invokeTestMethods(TestMethodWorker.java:146)
at org.testng.internal.TestMethodWorker.run(TestMethodWorker.java:128)
at java.base/java.util.ArrayList.forEach(ArrayList.java:1511)
at org.testng.TestRunner.privateRun(TestRunner.java:794)
at org.testng.TestRunner.run(TestRunner.java:596)
at org.testng.SuiteRunner.runTest(SuiteRunner.java:377)
at org.testng.SuiteRunner.runSequentially(SuiteRunner.java:371)
at org.testng.SuiteRunner.privateRun(SuiteRunner.java:332)
at org.testng.SuiteRunner.run(SuiteRunner.java:276)
at org.testng.SuiteRunnerWorker.runSuite(SuiteRunnerWorker.java:53)
at org.testng.SuiteRunnerWorker.run(SuiteRunnerWorker.java:96)
at org.testng.TestNG.runSuitesSequentially(TestNG.java:1212)
at org.testng.TestNG.runSuitesLocally(TestNG.java:1134)
at org.testng.TestNG.runSuites(TestNG.java:1063)
at org.testng.TestNG.run(TestNG.java:1031)
at org.testng.remote.AbstractRemoteTestNG.run(AbstractRemoteTestNG.java:115)
at org.testng.remote.RemoteTestNG.initAndRun(RemoteTestNG.java:251)
at org.testng.remote.RemoteTestNG.main(RemoteTestNG.java:77)
]]>
    </error>
  </testcase> <!-- POI007 -->
  <system-out>
    <![CDATA[<b><FONT COLOR=\"1f7a1f\">Test Case ID==POI007</FONT></b>
<b><FONT COLOR=\"1f7a1f\">Test Case Description==PO Entry  Indentbased For  Single Item Code with multiple Delivery schedule as Per ReQuirement considering sjo Number </FONT></b>
Click Sucessfully == Purchasemodule
Click Sucessfully == Po  mainteance New
Click Sucessfully == Add New Btn
Click Sucessfully==Next
Click sucessfully==Buyer
Option Sucessfully Selected==<b>Buyer==HKP - HITESH K PATEL</b>
Click Sucessfully == VendorInfoNextBtn()
Click sucessfully==Structure rate
Option Sucessfully Selected==<b>Structure rate==PIG3 - BV+PKG+FRT+INS+OTH+IGST 18%</b>
Click Sucessfully==RateStryctureNextBtn
Click Sucessfully == SJOandOAFSelectionNEXTBUTTON
Click Sucessfully == SJOandOAFSelectionNEXTBUTTON
Description of indent item code==PURCHASE - PACKING & FORWARDING
Screenshot taken Succesfully==D:\ANKUSH\NEW_HORIZON\ScreenShots\Failure.png]]>
  </system-out>
  <testcase classname="purchase.Indent_Po_Poamendment" name="POAMI002" time="44.558">
    <error message="Expected condition failed: waiting for visibility of [[ChromeDriver: chrome on WINDOWS (3944bc43dbcc7587abe0cc32f280ebd3)] -&gt; xpath: //a[text()=&#039;PO Maintenance New&#039;]] (tried for 30 second(s) with 500 milliseconds interval)
Build info: version: &#039;4.6.0&#039;, revision: &#039;79f1c02ae20&#039;
System info: os.name: &#039;Windows 10&#039;, os.arch: &#039;amd64&#039;, os.version: &#039;10.0&#039;, java.version: &#039;19.0.1&#039;
Driver info: org.openqa.selenium.chrome.ChromeDriver
Capabilities {acceptInsecureCerts: false, browserName: chrome, browserVersion: 109.0.5414.120, chrome: {chromedriverVersion: 109.0.5414.74 (e7c5703604da..., userDataDir: C:\Users\Ankush\AppData\Loc...}, goog:chromeOptions: {debuggerAddress: localhost:58396}, networkConnectionEnabled: false, pageLoadStrategy: normal, platformName: WINDOWS, proxy: Proxy(), se:cdp: ws://localhost:58396/devtoo..., se:cdpVersion: 109.0.5414.120, setWindowRect: true, strictFileInteractability: false, timeouts: {implicit: 0, pageLoad: 300000, script: 30000}, unhandledPromptBehavior: dismiss and notify, webauthn:extension:credBlob: true, webauthn:extension:largeBlob: true, webauthn:virtualAuthenticators: true}
Session ID: 3944bc43dbcc7587abe0cc32f280ebd3" type="org.openqa.selenium.TimeoutException">
      <![CDATA[org.openqa.selenium.TimeoutException: Expected condition failed: waiting for visibility of [[ChromeDriver: chrome on WINDOWS (3944bc43dbcc7587abe0cc32f280ebd3)] -> xpath: //a[text()='PO Maintenance New']] (tried for 30 second(s) with 500 milliseconds interval)
Build info: version: '4.6.0', revision: '79f1c02ae20'
System info: os.name: 'Windows 10', os.arch: 'amd64', os.version: '10.0', java.version: '19.0.1'
Driver info: org.openqa.selenium.chrome.ChromeDriver
Capabilities {acceptInsecureCerts: false, browserName: chrome, browserVersion: 109.0.5414.120, chrome: {chromedriverVersion: 109.0.5414.74 (e7c5703604da..., userDataDir: C:\Users\Ankush\AppData\Loc...}, goog:chromeOptions: {debuggerAddress: localhost:58396}, networkConnectionEnabled: false, pageLoadStrategy: normal, platformName: WINDOWS, proxy: Proxy(), se:cdp: ws://localhost:58396/devtoo..., se:cdpVersion: 109.0.5414.120, setWindowRect: true, strictFileInteractability: false, timeouts: {implicit: 0, pageLoad: 300000, script: 30000}, unhandledPromptBehavior: dismiss and notify, webauthn:extension:credBlob: true, webauthn:extension:largeBlob: true, webauthn:virtualAuthenticators: true}
Session ID: 3944bc43dbcc7587abe0cc32f280ebd3
at org.openqa.selenium.support.ui.WebDriverWait.timeoutException(WebDriverWait.java:87)
at org.openqa.selenium.support.ui.FluentWait.until(FluentWait.java:231)
at com.utility.Library.Explicitlywait(Library.java:364)
at com.utility.Library.custom_click(Library.java:275)
at purchase.Indent_Po_Poamendment.POAMI002(Indent_Po_Poamendment.java:606)
at java.base/jdk.internal.reflect.DirectMethodHandleAccessor.invoke(DirectMethodHandleAccessor.java:104)
at java.base/java.lang.reflect.Method.invoke(Method.java:578)
at org.testng.internal.MethodInvocationHelper.invokeMethod(MethodInvocationHelper.java:133)
at org.testng.internal.TestInvoker.invokeMethod(TestInvoker.java:598)
at org.testng.internal.TestInvoker.invokeTestMethod(TestInvoker.java:173)
at org.testng.internal.MethodRunner.runInSequence(MethodRunner.java:46)
at org.testng.internal.TestInvoker$MethodInvocationAgent.invoke(TestInvoker.java:824)
at org.testng.internal.TestInvoker.invokeTestMethods(TestInvoker.java:146)
at org.testng.internal.TestMethodWorker.invokeTestMethods(TestMethodWorker.java:146)
at org.testng.internal.TestMethodWorker.run(TestMethodWorker.java:128)
at java.base/java.util.ArrayList.forEach(ArrayList.java:1511)
at org.testng.TestRunner.privateRun(TestRunner.java:794)
at org.testng.TestRunner.run(TestRunner.java:596)
at org.testng.SuiteRunner.runTest(SuiteRunner.java:377)
at org.testng.SuiteRunner.runSequentially(SuiteRunner.java:371)
at org.testng.SuiteRunner.privateRun(SuiteRunner.java:332)
at org.testng.SuiteRunner.run(SuiteRunner.java:276)
at org.testng.SuiteRunnerWorker.runSuite(SuiteRunnerWorker.java:53)
at org.testng.SuiteRunnerWorker.run(SuiteRunnerWorker.java:96)
at org.testng.TestNG.runSuitesSequentially(TestNG.java:1212)
at org.testng.TestNG.runSuitesLocally(TestNG.java:1134)
at org.testng.TestNG.runSuites(TestNG.java:1063)
at org.testng.TestNG.run(TestNG.java:1031)
at org.testng.remote.AbstractRemoteTestNG.run(AbstractRemoteTestNG.java:115)
at org.testng.remote.RemoteTestNG.initAndRun(RemoteTestNG.java:251)
at org.testng.remote.RemoteTestNG.main(RemoteTestNG.java:77)
]]>
    </error>
  </testcase> <!-- POAMI002 -->
  <system-out>
    <![CDATA[Click Sucessfully == Purchasemodule
Screenshot taken Succesfully==D:\ANKUSH\NEW_HORIZON\ScreenShots\Failure.png]]>
  </system-out>
</testsuite> <!-- purchase.Indent_Po_Poamendment -->
