<?xml version="1.0" encoding="UTF-8"?>
<!-- Generated by org.testng.reporters.JUnitReportReporter -->
<testsuite hostname="PC07" failures="0" tests="3" name="purchase.POAmendmentNew" time="504.503" errors="1" timestamp="2023-02-03T15:32:16 IST" skipped="1">
  <testcase classname="purchase.POAmendmentNew" name="POAMD002EDIT" time="8.011">
    <skipped/>
  </testcase> <!-- POAMD002EDIT -->
  <system-out/>
  <testcase classname="purchase.POAmendmentNew" name="Login" time="19.895"/>
  <system-out>
    <![CDATA[Connection  String value succesfully send == <b>Server=PC43\SQLEXPRESS;Database=QCNHADMPETPL;uid=sa;pwd=;Max Pool Size=1000;Connection TimeOut= 3000;</b>
Username value succesfully send == <b>su</b>
Password value succesfully send == <b>super</b>
Click Sucessfully == Login Button
Dropdown  Company selected==QC's Parle Elizabeth Tools QC LTD
Dropdown  Company/Location selected==QC Site PARLE ELI-PRD
Click Sucessfully == submit Button]]>
  </system-out>
  <testcase classname="purchase.POAmendmentNew" name="POAMD002" time="476.597">
    <error message="no such element: Unable to locate element: {&quot;method&quot;:&quot;xpath&quot;,&quot;selector&quot;:&quot;//button[@class=&#039;btn btn-orange ml-2 key key-v&#039;]&quot;}
  (Session info: chrome=109.0.5414.120)
For documentation on this error, please visit: https://selenium.dev/exceptions/#no_such_element
Build info: version: &#039;4.6.0&#039;, revision: &#039;79f1c02ae20&#039;
System info: os.name: &#039;Windows 10&#039;, os.arch: &#039;amd64&#039;, os.version: &#039;10.0&#039;, java.version: &#039;19.0.1&#039;
Driver info: org.openqa.selenium.chrome.ChromeDriver
Command: [08b37e6817ae11132179cbe534c530b7, findElement {using=xpath, value=//button[@class=&#039;btn btn-orange ml-2 key key-v&#039;]}]
Capabilities {acceptInsecureCerts: false, browserName: chrome, browserVersion: 109.0.5414.120, chrome: {chromedriverVersion: 109.0.5414.74 (e7c5703604da..., userDataDir: C:\Users\Ankush\AppData\Loc...}, goog:chromeOptions: {debuggerAddress: localhost:64721}, networkConnectionEnabled: false, pageLoadStrategy: normal, platformName: WINDOWS, proxy: Proxy(), se:cdp: ws://localhost:64721/devtoo..., se:cdpVersion: 109.0.5414.120, setWindowRect: true, strictFileInteractability: false, timeouts: {implicit: 0, pageLoad: 300000, script: 30000}, unhandledPromptBehavior: dismiss and notify, webauthn:extension:credBlob: true, webauthn:extension:largeBlob: true, webauthn:virtualAuthenticators: true}
Session ID: 08b37e6817ae11132179cbe534c530b7" type="org.openqa.selenium.NoSuchElementException">
      <![CDATA[org.openqa.selenium.NoSuchElementException: no such element: Unable to locate element: {"method":"xpath","selector":"//button[@class='btn btn-orange ml-2 key key-v']"}
  (Session info: chrome=109.0.5414.120)
For documentation on this error, please visit: https://selenium.dev/exceptions/#no_such_element
Build info: version: '4.6.0', revision: '79f1c02ae20'
System info: os.name: 'Windows 10', os.arch: 'amd64', os.version: '10.0', java.version: '19.0.1'
Driver info: org.openqa.selenium.chrome.ChromeDriver
Command: [08b37e6817ae11132179cbe534c530b7, findElement {using=xpath, value=//button[@class='btn btn-orange ml-2 key key-v']}]
Capabilities {acceptInsecureCerts: false, browserName: chrome, browserVersion: 109.0.5414.120, chrome: {chromedriverVersion: 109.0.5414.74 (e7c5703604da..., userDataDir: C:\Users\Ankush\AppData\Loc...}, goog:chromeOptions: {debuggerAddress: localhost:64721}, networkConnectionEnabled: false, pageLoadStrategy: normal, platformName: WINDOWS, proxy: Proxy(), se:cdp: ws://localhost:64721/devtoo..., se:cdpVersion: 109.0.5414.120, setWindowRect: true, strictFileInteractability: false, timeouts: {implicit: 0, pageLoad: 300000, script: 30000}, unhandledPromptBehavior: dismiss and notify, webauthn:extension:credBlob: true, webauthn:extension:largeBlob: true, webauthn:virtualAuthenticators: true}
Session ID: 08b37e6817ae11132179cbe534c530b7
at java.base/jdk.internal.reflect.DirectConstructorHandleAccessor.newInstance(DirectConstructorHandleAccessor.java:67)
at java.base/java.lang.reflect.Constructor.newInstanceWithCaller(Constructor.java:500)
at java.base/java.lang.reflect.Constructor.newInstance(Constructor.java:484)
at org.openqa.selenium.remote.codec.w3c.W3CHttpResponseCodec.createException(W3CHttpResponseCodec.java:200)
at org.openqa.selenium.remote.codec.w3c.W3CHttpResponseCodec.decode(W3CHttpResponseCodec.java:133)
at org.openqa.selenium.remote.codec.w3c.W3CHttpResponseCodec.decode(W3CHttpResponseCodec.java:53)
at org.openqa.selenium.remote.HttpCommandExecutor.execute(HttpCommandExecutor.java:184)
at org.openqa.selenium.remote.service.DriverCommandExecutor.invokeExecute(DriverCommandExecutor.java:167)
at org.openqa.selenium.remote.service.DriverCommandExecutor.execute(DriverCommandExecutor.java:142)
at org.openqa.selenium.remote.RemoteWebDriver.execute(RemoteWebDriver.java:541)
at org.openqa.selenium.remote.ElementLocation$ElementFinder$2.findElement(ElementLocation.java:162)
at org.openqa.selenium.remote.ElementLocation.findElement(ElementLocation.java:60)
at org.openqa.selenium.remote.RemoteWebDriver.findElement(RemoteWebDriver.java:365)
at org.openqa.selenium.remote.RemoteWebDriver.findElement(RemoteWebDriver.java:357)
at org.openqa.selenium.support.pagefactory.DefaultElementLocator.findElement(DefaultElementLocator.java:70)
at org.openqa.selenium.support.pagefactory.internal.LocatingElementHandler.invoke(LocatingElementHandler.java:39)
at jdk.proxy2/jdk.proxy2.$Proxy23.isDisplayed(Unknown Source)
at purchase.POAmendmentNew.POAMD002(POAmendmentNew.java:1328)
at java.base/jdk.internal.reflect.DirectMethodHandleAccessor.invoke(DirectMethodHandleAccessor.java:104)
at java.base/java.lang.reflect.Method.invoke(Method.java:578)
at org.testng.internal.MethodInvocationHelper.invokeMethod(MethodInvocationHelper.java:133)
at org.testng.internal.TestInvoker.invokeMethod(TestInvoker.java:598)
at org.testng.internal.TestInvoker.invokeTestMethod(TestInvoker.java:173)
at org.testng.internal.MethodRunner.runInSequence(MethodRunner.java:46)
at org.testng.internal.TestInvoker$MethodInvocationAgent.invoke(TestInvoker.java:824)
at org.testng.internal.TestInvoker.invokeTestMethods(TestInvoker.java:146)
at org.testng.internal.TestMethodWorker.invokeTestMethods(TestMethodWorker.java:146)
at org.testng.internal.TestMethodWorker.run(TestMethodWorker.java:128)
at java.base/java.util.ArrayList.forEach(ArrayList.java:1511)
at org.testng.TestRunner.privateRun(TestRunner.java:794)
at org.testng.TestRunner.run(TestRunner.java:596)
at org.testng.SuiteRunner.runTest(SuiteRunner.java:377)
at org.testng.SuiteRunner.runSequentially(SuiteRunner.java:371)
at org.testng.SuiteRunner.privateRun(SuiteRunner.java:332)
at org.testng.SuiteRunner.run(SuiteRunner.java:276)
at org.testng.SuiteRunnerWorker.runSuite(SuiteRunnerWorker.java:53)
at org.testng.SuiteRunnerWorker.run(SuiteRunnerWorker.java:96)
at org.testng.TestNG.runSuitesSequentially(TestNG.java:1212)
at org.testng.TestNG.runSuitesLocally(TestNG.java:1134)
at org.testng.TestNG.runSuites(TestNG.java:1063)
at org.testng.TestNG.run(TestNG.java:1031)
at org.testng.remote.AbstractRemoteTestNG.run(AbstractRemoteTestNG.java:115)
at org.testng.remote.RemoteTestNG.initAndRun(RemoteTestNG.java:251)
at org.testng.remote.RemoteTestNG.main(RemoteTestNG.java:77)
]]>
    </error>
  </testcase> <!-- POAMD002 -->
  <system-out>
    <![CDATA[<b><FONT COLOR=\"1f7a1f\">Test Case ID==POAMD002</FONT></b>
<b><FONT COLOR=\"1f7a1f\">Test Case Description== PO Amendment Entry for Direct po changing puom Quantity / delivery date for Of Two Item Item  Item Po </FONT></b>
Click Sucessfully == Purchasemodule
Click Sucessfully == Po  Amendment New
Click Sucessfully == Add New Btn
Click sucessfully==PO Basis
Option Sucessfully Selected==<b>PO Basis==Direct</b>
Click sucessfully==PO Year
Option Sucessfully Selected==<b>PO Year==22-23</b>
Click sucessfully==Group
Option Sucessfully Selected==<b>Group==PR - REGULAR PO</b>
Click sucessfully==Site
Option Sucessfully Selected==<b>Site==S1 - QC Site PARLE ELI-PRD</b>
Click sucessfully==PO NUMBER 
Option Sucessfully Selected==<b>PO NUMBER ==001602</b>
Click Sucessfully==
Click Sucessfully==
Click Sucessfully==
Click Sucessfully==
Click Sucessfully==
Click Sucessfully==31
Click Sucessfully==Next
Click sucessfully==Reasons 
Option Sucessfully Selected==<b>Reasons ==TR - FOR TRIAL</b>
Click Sucessfully==Next
Click Sucessfully==
Click Sucessfully==20.0000
Click Sucessfully==
Quantity for delivery 1 schedule value succesfully send == <b>30</b>
Click Sucessfully==Delivery Field 1
Delivery date 1 value succesfully send == <b>27102022</b>
Click Sucessfully==40.0000
Click Sucessfully==
Quantity for delivery 2 schedule value succesfully send == <b>20</b>
Click Sucessfully==Delivery Field 1
Delivery date 2 value succesfully send == <b>29102022</b>
Click Sucessfully==60.0000
Click Sucessfully==
Quantity for delivery 3 schedule value succesfully send == <b>35</b>
Click Sucessfully==Delivery Date Field3
Delivery date 3 value succesfully send == <b>30102022</b>
Click Sucessfully==80.0000
Click Sucessfully==
Quantity for delivery 4 schedule value succesfully send == <b>25</b>
Click Sucessfully==Delivery Date Field4
Delivery date 4 value succesfully send == <b>10112022</b>
Click Sucessfully==
Click Sucessfully==10.0000
Click Sucessfully==
Quantity for delivery 1 schedule value succesfully send == <b>200</b>
Click Sucessfully==Delivery Field 1
Delivery date 1 value succesfully send == <b>25102022</b>
Click Sucessfully==1,525.0000
Click Sucessfully==
Quantity for delivery 2 schedule value succesfully send == <b>1526</b>
Click Sucessfully==Delivery Field 1
Delivery date 2 value succesfully send == <b>27102022</b>
Click Sucessfully==29.0000
Click Sucessfully==
Quantity for delivery 3 schedule value succesfully send == <b>28</b>
Click Sucessfully==Delivery Date Field3
Delivery date 3 value succesfully send == <b>29102022</b>
Click Sucessfully==30.0000
Click Sucessfully==
Quantity for delivery 4 schedule value succesfully send == <b>29</b>
Click Sucessfully==Delivery Date Field4
Delivery date 4 value succesfully send == <b>30102022</b>
Click Sucessfully==Save button
Click Sucessfully == Save button
Screenshot taken Succesfully==D:\ANKUSH\NEW_HORIZON\ScreenShots\Failure.png]]>
  </system-out>
</testsuite> <!-- purchase.POAmendmentNew -->
