<?xml version="1.0" encoding="UTF-8"?>
<!-- Generated by org.testng.reporters.JUnitReportReporter -->
<testsuite hostname="PC07" failures="0" tests="1" name="purchase.pomaintenancenewindent" time="474.735" errors="1" timestamp="2023-02-06T18:36:42 IST" skipped="0">
  <testcase classname="purchase.pomaintenancenewindent" name="POI004" time="474.735">
    <error message="no such element: Unable to locate element: {&quot;method&quot;:&quot;xpath&quot;,&quot;selector&quot;:&quot;//button[@class=&#039;btn btn-orange ml-2 key key-v&#039;]&quot;}
  (Session info: chrome=109.0.5414.120)
For documentation on this error, please visit: https://selenium.dev/exceptions/#no_such_element
Build info: version: &#039;4.6.0&#039;, revision: &#039;79f1c02ae20&#039;
System info: os.name: &#039;Windows 10&#039;, os.arch: &#039;amd64&#039;, os.version: &#039;10.0&#039;, java.version: &#039;19.0.1&#039;
Driver info: org.openqa.selenium.chrome.ChromeDriver
Command: [78fbe66af5711bc182e3a6bfd69d2759, findElement {using=xpath, value=//button[@class=&#039;btn btn-orange ml-2 key key-v&#039;]}]
Capabilities {acceptInsecureCerts: false, browserName: chrome, browserVersion: 109.0.5414.120, chrome: {chromedriverVersion: 109.0.5414.74 (e7c5703604da..., userDataDir: C:\Users\Ankush\AppData\Loc...}, goog:chromeOptions: {debuggerAddress: localhost:58879}, networkConnectionEnabled: false, pageLoadStrategy: normal, platformName: WINDOWS, proxy: Proxy(), se:cdp: ws://localhost:58879/devtoo..., se:cdpVersion: 109.0.5414.120, setWindowRect: true, strictFileInteractability: false, timeouts: {implicit: 0, pageLoad: 300000, script: 30000}, unhandledPromptBehavior: dismiss and notify, webauthn:extension:credBlob: true, webauthn:extension:largeBlob: true, webauthn:virtualAuthenticators: true}
Session ID: 78fbe66af5711bc182e3a6bfd69d2759" type="org.openqa.selenium.NoSuchElementException">
      <![CDATA[org.openqa.selenium.NoSuchElementException: no such element: Unable to locate element: {"method":"xpath","selector":"//button[@class='btn btn-orange ml-2 key key-v']"}
  (Session info: chrome=109.0.5414.120)
For documentation on this error, please visit: https://selenium.dev/exceptions/#no_such_element
Build info: version: '4.6.0', revision: '79f1c02ae20'
System info: os.name: 'Windows 10', os.arch: 'amd64', os.version: '10.0', java.version: '19.0.1'
Driver info: org.openqa.selenium.chrome.ChromeDriver
Command: [78fbe66af5711bc182e3a6bfd69d2759, findElement {using=xpath, value=//button[@class='btn btn-orange ml-2 key key-v']}]
Capabilities {acceptInsecureCerts: false, browserName: chrome, browserVersion: 109.0.5414.120, chrome: {chromedriverVersion: 109.0.5414.74 (e7c5703604da..., userDataDir: C:\Users\Ankush\AppData\Loc...}, goog:chromeOptions: {debuggerAddress: localhost:58879}, networkConnectionEnabled: false, pageLoadStrategy: normal, platformName: WINDOWS, proxy: Proxy(), se:cdp: ws://localhost:58879/devtoo..., se:cdpVersion: 109.0.5414.120, setWindowRect: true, strictFileInteractability: false, timeouts: {implicit: 0, pageLoad: 300000, script: 30000}, unhandledPromptBehavior: dismiss and notify, webauthn:extension:credBlob: true, webauthn:extension:largeBlob: true, webauthn:virtualAuthenticators: true}
Session ID: 78fbe66af5711bc182e3a6bfd69d2759
at java.base/jdk.internal.reflect.DirectConstructorHandleAccessor.newInstance(DirectConstructorHandleAccessor.java:67)
at java.base/java.lang.reflect.Constructor.newInstanceWithCaller(Constructor.java:500)
at java.base/java.lang.reflect.Constructor.newInstance(Constructor.java:484)
at org.openqa.selenium.remote.codec.w3c.W3CHttpResponseCodec.createException(W3CHttpResponseCodec.java:200)
at org.openqa.selenium.remote.codec.w3c.W3CHttpResponseCodec.decode(W3CHttpResponseCodec.java:133)
at org.openqa.selenium.remote.codec.w3c.W3CHttpResponseCodec.decode(W3CHttpResponseCodec.java:53)
at org.openqa.selenium.remote.HttpCommandExecutor.execute(HttpCommandExecutor.java:184)
at org.openqa.selenium.remote.service.DriverCommandExecutor.invokeExecute(DriverCommandExecutor.java:167)
at org.openqa.selenium.remote.service.DriverCommandExecutor.execute(DriverCommandExecutor.java:142)
at org.openqa.selenium.remote.RemoteWebDriver.execute(RemoteWebDriver.java:541)
at org.openqa.selenium.remote.ElementLocation$ElementFinder$2.findElement(ElementLocation.java:162)
at org.openqa.selenium.remote.ElementLocation.findElement(ElementLocation.java:60)
at org.openqa.selenium.remote.RemoteWebDriver.findElement(RemoteWebDriver.java:365)
at org.openqa.selenium.remote.RemoteWebDriver.findElement(RemoteWebDriver.java:357)
at org.openqa.selenium.support.pagefactory.DefaultElementLocator.findElement(DefaultElementLocator.java:70)
at org.openqa.selenium.support.pagefactory.internal.LocatingElementHandler.invoke(LocatingElementHandler.java:39)
at jdk.proxy2/jdk.proxy2.$Proxy23.isEnabled(Unknown Source)
at purchase.pomaintenancenewindent.POI004(pomaintenancenewindent.java:1437)
at java.base/jdk.internal.reflect.DirectMethodHandleAccessor.invoke(DirectMethodHandleAccessor.java:104)
at java.base/java.lang.reflect.Method.invoke(Method.java:578)
at org.testng.internal.MethodInvocationHelper.invokeMethod(MethodInvocationHelper.java:133)
at org.testng.internal.TestInvoker.invokeMethod(TestInvoker.java:598)
at org.testng.internal.TestInvoker.invokeTestMethod(TestInvoker.java:173)
at org.testng.internal.MethodRunner.runInSequence(MethodRunner.java:46)
at org.testng.internal.TestInvoker$MethodInvocationAgent.invoke(TestInvoker.java:824)
at org.testng.internal.TestInvoker.invokeTestMethods(TestInvoker.java:146)
at org.testng.internal.TestMethodWorker.invokeTestMethods(TestMethodWorker.java:146)
at org.testng.internal.TestMethodWorker.run(TestMethodWorker.java:128)
at java.base/java.util.ArrayList.forEach(ArrayList.java:1511)
at org.testng.TestRunner.privateRun(TestRunner.java:794)
at org.testng.TestRunner.run(TestRunner.java:596)
at org.testng.SuiteRunner.runTest(SuiteRunner.java:377)
at org.testng.SuiteRunner.runSequentially(SuiteRunner.java:371)
at org.testng.SuiteRunner.privateRun(SuiteRunner.java:332)
at org.testng.SuiteRunner.run(SuiteRunner.java:276)
at org.testng.SuiteRunnerWorker.runSuite(SuiteRunnerWorker.java:53)
at org.testng.SuiteRunnerWorker.run(SuiteRunnerWorker.java:96)
at org.testng.TestNG.runSuitesSequentially(TestNG.java:1212)
at org.testng.TestNG.runSuitesLocally(TestNG.java:1134)
at org.testng.TestNG.runSuites(TestNG.java:1063)
at org.testng.TestNG.run(TestNG.java:1031)
at org.testng.remote.AbstractRemoteTestNG.run(AbstractRemoteTestNG.java:115)
at org.testng.remote.RemoteTestNG.initAndRun(RemoteTestNG.java:251)
at org.testng.remote.RemoteTestNG.main(RemoteTestNG.java:77)
]]>
    </error>
  </testcase> <!-- POI004 -->
  <system-out>
    <![CDATA[<b><FONT COLOR=\"1f7a1f\">Test Case ID==POI004</FONT></b>
<b><FONT COLOR=\"1f7a1f\">Test Case Description==PO Entry Indent Based two  item having,Different  delivery schedule,Different  Quantity</FONT></b>
Click Sucessfully == Purchasemodule
Click Sucessfully == Po  mainteance New
Click Sucessfully == Add New Btn
Click Sucessfully==Next
Click sucessfully==Buyer
Option Sucessfully Selected==<b>Buyer==ANK - Ankush (Buyer)</b>
Click Sucessfully == VendorInfoNextBtn()
Click sucessfully==Structure rate
Option Sucessfully Selected==<b>Structure rate==PIG4 - BV+PKG+FRT+INS+OTH+IGST 28%</b>
Click Sucessfully==RateStryctureNextBtn
Click Sucessfully == SJOandOAFSelectionNEXTBUTTON
Click Sucessfully == SJOandOAFSelectionNEXTBUTTON
Description of indent item code==1110714L
Click Sucessfully==
Click Sucessfully==
ItemCodeQuantityPUOM1 value succesfully send == <b>105</b>
indent Number==22-23/IN/S1/000306
The Default Delivery Date is==29/10/2022
Click Sucessfully==
Pending PO Qty. (IUOM) for indent ==20.0000
Po delivery Date1  value succesfully send == <b>20112022</b>
Click Sucessfully==
TheCurrent PO Qty. (IUOM) For Indent 1== value succesfully send == <b>20</b>
indent Number==22-23/IN/S1/000309
The Default Delivery Date is==29/10/2022
Click Sucessfully==
Pending PO Qty. (IUOM) for indent ==20.0000
Po delivery Date1  value succesfully send == <b>23112022</b>
Click Sucessfully==
TheCurrent PO Qty. (IUOM) For Indent 2== value succesfully send == <b>21</b>
indent Number==22-23/IN/S1/000290
The Default Delivery Date is==30/10/2022
Click Sucessfully==
Pending PO Qty. (IUOM) for indent ==20.0000
Po delivery Date1  value succesfully send == <b>25112022</b>
Click Sucessfully==
TheCurrent PO Qty. (IUOM) For Indent 3== value succesfully send == <b>22</b>
indent Number==22-23/IN/S1/000293
The Default Delivery Date is==30/10/2022
Click Sucessfully==
Pending PO Qty. (IUOM) for indent ==1.0000
Po delivery Date1  value succesfully send == <b>29102022</b>
Click Sucessfully==
TheCurrent PO Qty. (IUOM) For Indent 4== value succesfully send == <b>23</b>
indent Number==22-23/IN/S1/000306
The Default Delivery Date is==30/10/2022
Click Sucessfully==
Pending PO Qty. (IUOM) for indent ==21.0000
Po delivery Date1  value succesfully send == <b>30102022</b>
Click Sucessfully==
TheCurrent PO Qty. (IUOM) For Indent 5== value succesfully send == <b>24</b>
Description of indent item code==W03049130422
Click Sucessfully==
Click Sucessfully==
ItemCodeQuantityPUOM1 value succesfully send == <b>151</b>
indent Number==22-23/IN/S1/000306
The Default Delivery Date is==25/10/2022
Click Sucessfully==
Pending PO Qty. (IUOM) for indent ==10.0000
Po delivery Date1  value succesfully send == <b>26102022</b>
Click Sucessfully==
TheCurrent PO Qty. (IUOM) For Indent 1 value succesfully send == <b>10</b>
indent Number==22-23/IN/S1/000309
The Default Delivery Date is==25/10/2022
Click Sucessfully==
Pending PO Qty. (IUOM) for indent ==10.0000
Po delivery Date1  value succesfully send == <b>28102022</b>
Click Sucessfully==
TheCurrent PO Qty. (IUOM) For Indent 2 value succesfully send == <b>25</b>
indent Number==22-23/IN/S1/000306
The Default Delivery Date is==27/10/2022
Click Sucessfully==
Pending PO Qty. (IUOM) for indent ==25.0000
Po delivery Date1  value succesfully send == <b>30102022</b>
Click Sucessfully==
TheCurrent PO Qty. (IUOM) For Indent 3 value succesfully send == <b>35</b>
indent Number==22-23/IN/S1/000309
The Default Delivery Date is==27/10/2022
Click Sucessfully==
Pending PO Qty. (IUOM) for indent ==25.0000
Po delivery Date1  value succesfully send == <b>31102022</b>
Click Sucessfully==
TheCurrent PO Qty. (IUOM) For Indent 4 value succesfully send == <b>40</b>
indent Number==22-23/IN/S1/000306
The Default Delivery Date is==29/10/2022
Click Sucessfully==
Pending PO Qty. (IUOM) for indent ==35.0000
Po delivery Date1  value succesfully send == <b>02112022</b>
Click Sucessfully==
TheCurrent PO Qty. (IUOM) For Indent 5 value succesfully send == <b>41</b>
Click Sucessfully==Save button
Screenshot taken Succesfully==D:\ANKUSH\NEW_HORIZON\ScreenShots\Failure.png]]>
  </system-out>
</testsuite> <!-- purchase.pomaintenancenewindent -->
