<?xml version="1.0" encoding="UTF-8"?>
<!-- Generated by org.testng.reporters.JUnitReportReporter -->
<testsuite hostname="PC07" failures="0" tests="2" name="purchase.PO_POamendement_SJO" time="333.865" errors="1" timestamp="2023-02-06T17:04:27 IST" skipped="0">
  <testcase classname="purchase.PO_POamendement_SJO" name="POD007" time="313.723">
    <error message="element not interactable
  (Session info: chrome=109.0.5414.120)
Build info: version: &#039;4.6.0&#039;, revision: &#039;79f1c02ae20&#039;
System info: os.name: &#039;Windows 10&#039;, os.arch: &#039;amd64&#039;, os.version: &#039;10.0&#039;, java.version: &#039;19.0.1&#039;
Driver info: org.openqa.selenium.chrome.ChromeDriver
Command: [2ab25c1ed9dc787bbe1fa191b1145d32, sendKeysToElement {id=d2390309-185c-45b4-816b-970f8b32fa04, value=[Ljava.lang.CharSequence;@6cc8adff}]
Capabilities {acceptInsecureCerts: false, browserName: chrome, browserVersion: 109.0.5414.120, chrome: {chromedriverVersion: 109.0.5414.74 (e7c5703604da..., userDataDir: C:\Users\Ankush\AppData\Loc...}, goog:chromeOptions: {debuggerAddress: localhost:57363}, networkConnectionEnabled: false, pageLoadStrategy: normal, platformName: WINDOWS, proxy: Proxy(), se:cdp: ws://localhost:57363/devtoo..., se:cdpVersion: 109.0.5414.120, setWindowRect: true, strictFileInteractability: false, timeouts: {implicit: 0, pageLoad: 300000, script: 30000}, unhandledPromptBehavior: dismiss and notify, webauthn:extension:credBlob: true, webauthn:extension:largeBlob: true, webauthn:virtualAuthenticators: true}
Element: [[ChromeDriver: chrome on WINDOWS (2ab25c1ed9dc787bbe1fa191b1145d32)] -&gt; xpath: //div[contains(@id,&#039;puom&#039;)]//input]
Session ID: 2ab25c1ed9dc787bbe1fa191b1145d32" type="org.openqa.selenium.ElementNotInteractableException">
      <![CDATA[org.openqa.selenium.ElementNotInteractableException: element not interactable
  (Session info: chrome=109.0.5414.120)
Build info: version: '4.6.0', revision: '79f1c02ae20'
System info: os.name: 'Windows 10', os.arch: 'amd64', os.version: '10.0', java.version: '19.0.1'
Driver info: org.openqa.selenium.chrome.ChromeDriver
Command: [2ab25c1ed9dc787bbe1fa191b1145d32, sendKeysToElement {id=d2390309-185c-45b4-816b-970f8b32fa04, value=[Ljava.lang.CharSequence;@6cc8adff}]
Capabilities {acceptInsecureCerts: false, browserName: chrome, browserVersion: 109.0.5414.120, chrome: {chromedriverVersion: 109.0.5414.74 (e7c5703604da..., userDataDir: C:\Users\Ankush\AppData\Loc...}, goog:chromeOptions: {debuggerAddress: localhost:57363}, networkConnectionEnabled: false, pageLoadStrategy: normal, platformName: WINDOWS, proxy: Proxy(), se:cdp: ws://localhost:57363/devtoo..., se:cdpVersion: 109.0.5414.120, setWindowRect: true, strictFileInteractability: false, timeouts: {implicit: 0, pageLoad: 300000, script: 30000}, unhandledPromptBehavior: dismiss and notify, webauthn:extension:credBlob: true, webauthn:extension:largeBlob: true, webauthn:virtualAuthenticators: true}
Element: [[ChromeDriver: chrome on WINDOWS (2ab25c1ed9dc787bbe1fa191b1145d32)] -> xpath: //div[contains(@id,'puom')]//input]
Session ID: 2ab25c1ed9dc787bbe1fa191b1145d32
at java.base/jdk.internal.reflect.DirectConstructorHandleAccessor.newInstance(DirectConstructorHandleAccessor.java:67)
at java.base/java.lang.reflect.Constructor.newInstanceWithCaller(Constructor.java:500)
at java.base/java.lang.reflect.Constructor.newInstance(Constructor.java:484)
at org.openqa.selenium.remote.codec.w3c.W3CHttpResponseCodec.createException(W3CHttpResponseCodec.java:200)
at org.openqa.selenium.remote.codec.w3c.W3CHttpResponseCodec.decode(W3CHttpResponseCodec.java:133)
at org.openqa.selenium.remote.codec.w3c.W3CHttpResponseCodec.decode(W3CHttpResponseCodec.java:53)
at org.openqa.selenium.remote.HttpCommandExecutor.execute(HttpCommandExecutor.java:184)
at org.openqa.selenium.remote.service.DriverCommandExecutor.invokeExecute(DriverCommandExecutor.java:167)
at org.openqa.selenium.remote.service.DriverCommandExecutor.execute(DriverCommandExecutor.java:142)
at org.openqa.selenium.remote.RemoteWebDriver.execute(RemoteWebDriver.java:541)
at org.openqa.selenium.remote.RemoteWebElement.execute(RemoteWebElement.java:257)
at org.openqa.selenium.remote.RemoteWebElement.sendKeys(RemoteWebElement.java:113)
at com.utility.Library.custom_Sendkeys(Library.java:303)
at purchase.PO_POamendement_SJO.POD007(PO_POamendement_SJO.java:215)
at java.base/jdk.internal.reflect.DirectMethodHandleAccessor.invoke(DirectMethodHandleAccessor.java:104)
at java.base/java.lang.reflect.Method.invoke(Method.java:578)
at org.testng.internal.MethodInvocationHelper.invokeMethod(MethodInvocationHelper.java:133)
at org.testng.internal.TestInvoker.invokeMethod(TestInvoker.java:598)
at org.testng.internal.TestInvoker.invokeTestMethod(TestInvoker.java:173)
at org.testng.internal.MethodRunner.runInSequence(MethodRunner.java:46)
at org.testng.internal.TestInvoker$MethodInvocationAgent.invoke(TestInvoker.java:824)
at org.testng.internal.TestInvoker.invokeTestMethods(TestInvoker.java:146)
at org.testng.internal.TestMethodWorker.invokeTestMethods(TestMethodWorker.java:146)
at org.testng.internal.TestMethodWorker.run(TestMethodWorker.java:128)
at java.base/java.util.ArrayList.forEach(ArrayList.java:1511)
at org.testng.TestRunner.privateRun(TestRunner.java:794)
at org.testng.TestRunner.run(TestRunner.java:596)
at org.testng.SuiteRunner.runTest(SuiteRunner.java:377)
at org.testng.SuiteRunner.runSequentially(SuiteRunner.java:371)
at org.testng.SuiteRunner.privateRun(SuiteRunner.java:332)
at org.testng.SuiteRunner.run(SuiteRunner.java:276)
at org.testng.SuiteRunnerWorker.runSuite(SuiteRunnerWorker.java:53)
at org.testng.SuiteRunnerWorker.run(SuiteRunnerWorker.java:96)
at org.testng.TestNG.runSuitesSequentially(TestNG.java:1212)
at org.testng.TestNG.runSuitesLocally(TestNG.java:1134)
at org.testng.TestNG.runSuites(TestNG.java:1063)
at org.testng.TestNG.run(TestNG.java:1031)
at org.testng.remote.AbstractRemoteTestNG.run(AbstractRemoteTestNG.java:115)
at org.testng.remote.RemoteTestNG.initAndRun(RemoteTestNG.java:251)
at org.testng.remote.RemoteTestNG.main(RemoteTestNG.java:77)
]]>
    </error>
  </testcase> <!-- POD007 -->
  <system-out>
    <![CDATA[<b><FONT COLOR=\"1f7a1f\">Test Case ID==POD001</FONT></b>
<b><FONT COLOR=\"1f7a1f\">Test Case Description== PO entry (Direct i.e. without indent)  with Single  Item Having IUOM=PUOM,conversion factor=1,with Four delivery schedule</FONT></b>
Click Sucessfully == Purchasemodule
Click Sucessfully == Po  mainteance New
Click Sucessfully == Add New Btn
Click sucessfully==PO BAsis
Option Sucessfully Selected==<b>PO BAsis==Direct</b>
Click Sucessfully==PO Next Button
Click sucessfully==Buyer
Option Sucessfully Selected==<b>Buyer==HKP - HITESH K PATEL</b>
Click Sucessfully==VendorInfoNextBtn()
Click sucessfully==Structure rate
Option Sucessfully Selected==<b>Structure rate==PIG7 - BV+PKG+FRT+INS+OTH+IGST 18%+TCS</b>
Click Sucessfully==RateStryctureNextBtn
Click Sucessfully==Add New
Click Sucessfully==
Click Sucessfully==RE - PRODUCTION WAREHOUSE
Quantity for delivery 1 schedule value succesfully send == <b>25</b>
Click Sucessfully==Delivery Field 1
Delivery date 1 value succesfully send == <b>25102022</b>
Click Sucessfully==Add New
Quantity for delivery 2 schedule value succesfully send == <b>30</b>
Click Sucessfully==Delivery Date Field2
Delivery date 2 value succesfully send == <b>27102022</b>
Click Sucessfully==Add New
Quantity for delivery 3 schedule value succesfully send == <b>67</b>
Click Sucessfully==Delivery Date Field3
Delivery date 3 value succesfully send == <b>29102022</b>
Click Sucessfully==Add New
Screenshot taken Succesfully==D:\ANKUSH\NEW_HORIZON\ScreenShots\Failure.png]]>
  </system-out>
  <testcase classname="purchase.PO_POamendement_SJO" name="Login" time="20.142"/>
  <system-out>
    <![CDATA[Connection  String value succesfully send == <b>Server=PC43\SQLEXPRESS;Database=QCNHADMPETPL;uid=sa;pwd=;Max Pool Size=1000;Connection TimeOut= 3000;</b>
Username value succesfully send == <b>su</b>
Password value succesfully send == <b>super</b>
Click Sucessfully == Login Button
Dropdown  Company selected==QC's Parle Elizabeth Tools QC LTD
Dropdown  Company/Location selected==QC Site PARLE ELI-PRD
Click Sucessfully == submit Button]]>
  </system-out>
</testsuite> <!-- purchase.PO_POamendement_SJO -->
