<?xml version="1.0" encoding="UTF-8"?>
<!-- Generated by org.testng.reporters.JUnitReportReporter -->
<testsuite hostname="PC07" failures="0" tests="3" name="crm.leadentry" time="347.539" errors="1" timestamp="2022-12-26T21:18:29 IST" skipped="2">
  <testcase classname="crm.leadentry" name="LeadEntryEdit" time="347.539">
    <error message="Expected condition failed: waiting for visibility of [[ChromeDriver: chrome on WINDOWS (9087215931f7a54485ff4cd6741f9a77)] -&gt; xpath: //ng-select[@formcontrolname=&#039;sourinqControl&#039;]] (tried for 100 second(s) with 500 milliseconds interval)
Build info: version: &#039;4.6.0&#039;, revision: &#039;79f1c02ae20&#039;
System info: os.name: &#039;Windows 10&#039;, os.arch: &#039;amd64&#039;, os.version: &#039;10.0&#039;, java.version: &#039;19.0.1&#039;
Driver info: org.openqa.selenium.chrome.ChromeDriver
Capabilities {acceptInsecureCerts: false, browserName: chrome, browserVersion: 108.0.5359.125, chrome: {chromedriverVersion: 108.0.5359.71 (1e0e3868ee06..., userDataDir: C:\Users\Ankush\AppData\Loc...}, goog:chromeOptions: {debuggerAddress: localhost:55523}, networkConnectionEnabled: false, pageLoadStrategy: normal, platformName: WINDOWS, proxy: Proxy(), se:cdp: ws://localhost:55523/devtoo..., se:cdpVersion: 108.0.5359.125, setWindowRect: true, strictFileInteractability: false, timeouts: {implicit: 0, pageLoad: 300000, script: 30000}, unhandledPromptBehavior: dismiss and notify, webauthn:extension:credBlob: true, webauthn:extension:largeBlob: true, webauthn:virtualAuthenticators: true}
Session ID: 9087215931f7a54485ff4cd6741f9a77" type="org.openqa.selenium.TimeoutException">
      <![CDATA[org.openqa.selenium.TimeoutException: Expected condition failed: waiting for visibility of [[ChromeDriver: chrome on WINDOWS (9087215931f7a54485ff4cd6741f9a77)] -> xpath: //ng-select[@formcontrolname='sourinqControl']] (tried for 100 second(s) with 500 milliseconds interval)
Build info: version: '4.6.0', revision: '79f1c02ae20'
System info: os.name: 'Windows 10', os.arch: 'amd64', os.version: '10.0', java.version: '19.0.1'
Driver info: org.openqa.selenium.chrome.ChromeDriver
Capabilities {acceptInsecureCerts: false, browserName: chrome, browserVersion: 108.0.5359.125, chrome: {chromedriverVersion: 108.0.5359.71 (1e0e3868ee06..., userDataDir: C:\Users\Ankush\AppData\Loc...}, goog:chromeOptions: {debuggerAddress: localhost:55523}, networkConnectionEnabled: false, pageLoadStrategy: normal, platformName: WINDOWS, proxy: Proxy(), se:cdp: ws://localhost:55523/devtoo..., se:cdpVersion: 108.0.5359.125, setWindowRect: true, strictFileInteractability: false, timeouts: {implicit: 0, pageLoad: 300000, script: 30000}, unhandledPromptBehavior: dismiss and notify, webauthn:extension:credBlob: true, webauthn:extension:largeBlob: true, webauthn:virtualAuthenticators: true}
Session ID: 9087215931f7a54485ff4cd6741f9a77
at org.openqa.selenium.support.ui.WebDriverWait.timeoutException(WebDriverWait.java:87)
at org.openqa.selenium.support.ui.FluentWait.until(FluentWait.java:231)
at com.utility.Library.Explicitlywait(Library.java:318)
at com.utility.Library.Comboclick(Library.java:177)
at crm.leadentry.LeadEntryEdit(leadentry.java:437)
at java.base/jdk.internal.reflect.DirectMethodHandleAccessor.invoke(DirectMethodHandleAccessor.java:104)
at java.base/java.lang.reflect.Method.invoke(Method.java:578)
at org.testng.internal.MethodInvocationHelper.invokeMethod(MethodInvocationHelper.java:133)
at org.testng.internal.TestInvoker.invokeMethod(TestInvoker.java:598)
at org.testng.internal.TestInvoker.invokeTestMethod(TestInvoker.java:173)
at org.testng.internal.MethodRunner.runInSequence(MethodRunner.java:46)
at org.testng.internal.TestInvoker$MethodInvocationAgent.invoke(TestInvoker.java:824)
at org.testng.internal.TestInvoker.invokeTestMethods(TestInvoker.java:146)
at org.testng.internal.TestMethodWorker.invokeTestMethods(TestMethodWorker.java:146)
at org.testng.internal.TestMethodWorker.run(TestMethodWorker.java:128)
at java.base/java.util.ArrayList.forEach(ArrayList.java:1511)
at org.testng.TestRunner.privateRun(TestRunner.java:794)
at org.testng.TestRunner.run(TestRunner.java:596)
at org.testng.SuiteRunner.runTest(SuiteRunner.java:377)
at org.testng.SuiteRunner.runSequentially(SuiteRunner.java:371)
at org.testng.SuiteRunner.privateRun(SuiteRunner.java:332)
at org.testng.SuiteRunner.run(SuiteRunner.java:276)
at org.testng.SuiteRunnerWorker.runSuite(SuiteRunnerWorker.java:53)
at org.testng.SuiteRunnerWorker.run(SuiteRunnerWorker.java:96)
at org.testng.TestNG.runSuitesSequentially(TestNG.java:1212)
at org.testng.TestNG.runSuitesLocally(TestNG.java:1134)
at org.testng.TestNG.runSuites(TestNG.java:1063)
at org.testng.TestNG.run(TestNG.java:1031)
at org.testng.remote.AbstractRemoteTestNG.run(AbstractRemoteTestNG.java:115)
at org.testng.remote.RemoteTestNG.initAndRun(RemoteTestNG.java:251)
at org.testng.remote.RemoteTestNG.main(RemoteTestNG.java:77)
]]>
    </error>
  </testcase> <!-- LeadEntryEdit -->
  <system-out>
    <![CDATA[Connection  String value succesfully send == <b>Server=PC43\SQLEXPRESS;Database=QCNHADMPETPL;uid=sa;pwd=;Max Pool Size=1000;Connection TimeOut= 3000;</b>
Username value succesfully send == <b>su</b>
Password value succesfully send == <b>us</b>
Click Sucessfully == Login Button
Dropdown  Company selected==QC's Parle Elizabeth Tools QC LTD
Dropdown  Company/Location selected==QC Site PARLE ELI-PRD
Click Sucessfully == submit Button
Click Sucessfully == CRM Module
Click Sucessfully == Leadentry
Click Sucessfully == Add New Button
Item code Search Filed value succesfully send == <b>A001</b>
Click sucessfully==salesman
Option Sucessfully Selected==<b>salesman==JDTE - DJ TEst</b>
Click sucessfully==salesregControl
Option Sucessfully Selected==<b>salesregControl==05 - MAH</b>
Click sucessfully==Leadgroup
Option Sucessfully Selected==<b>Leadgroup==I1 - Group I1 for Site1</b>
Click sucessfully==Lead site
Option Sucessfully Selected==<b>Lead site==S1 - QC Site PARLE ELI-PRD</b>
Click sucessfully==SourcesofLead
Option Sucessfully Selected==<b>SourcesofLead==FAX - BY FAX</b>
Item code Seacrch text box value succesfully send == <b>19021997MCB</b>
Item code Seacrch text box value succesfully send == <b>19021997PB</b>
Click Sucessfully == SaveButton
Screenshot taken Succesfully==D:\ANKUSH\NEW_HORIZON\ScreenShots\Failure.png]]>
  </system-out>
  <testcase classname="crm.leadentry" name="basicleadentry">
    <skipped/>
  </testcase> <!-- basicleadentry -->
  <system-out/>
  <testcase classname="crm.leadentry" name="LeadEntryview">
    <skipped/>
  </testcase> <!-- LeadEntryview -->
  <system-out/>
</testsuite> <!-- crm.leadentry -->
