<?xml version="1.0" encoding="UTF-8"?>
<!-- Generated by org.testng.reporters.JUnitReportReporter -->
<testsuite hostname="PC07" failures="0" tests="4" name="purchase.pomaintenancenew" time="138.271" errors="1" timestamp="2023-01-18T17:02:10 IST" skipped="3">
  <testcase classname="purchase.pomaintenancenew" name="POD001" time="138.271">
    <error message="element click intercepted: Element &lt;div columnindex=&quot;8&quot; role=&quot;gridcell&quot; style=&quot;left: 397px; z-index: 72; width:150px;&quot; class=&quot;jqx-grid-cell jqx-grid-cell-imms jqx-item jqx-item-imms jqx-grid-cell-selected jqx-grid-cell-selected-imms jqx-fill-state-pressed jqx-fill-state-pressed-imms&quot; title=&quot;&quot;&gt;...&lt;/div&gt; is not clickable at point (487, 526). Other element would receive the click: &lt;div _ngcontent-vcg-c5=&quot;&quot; class=&quot;ngx-overlay loading-foreground&quot; style=&quot;background-color: rgba(40, 40, 40, 0.8); border-radius: 0px;&quot;&gt;...&lt;/div&gt;
  (Session info: chrome=109.0.5414.75)
Build info: version: &#039;4.6.0&#039;, revision: &#039;79f1c02ae20&#039;
System info: os.name: &#039;Windows 10&#039;, os.arch: &#039;amd64&#039;, os.version: &#039;10.0&#039;, java.version: &#039;19.0.1&#039;
Driver info: org.openqa.selenium.chrome.ChromeDriver
Command: [bbd224262d39930647b5a8ee631f88d5, clickElement {id=ce2581d1-b209-4c71-bac1-9c25e04075f5}]
Capabilities {acceptInsecureCerts: false, browserName: chrome, browserVersion: 109.0.5414.75, chrome: {chromedriverVersion: 109.0.5414.74 (e7c5703604da..., userDataDir: C:\Users\Ankush\AppData\Loc...}, goog:chromeOptions: {debuggerAddress: localhost:61330}, networkConnectionEnabled: false, pageLoadStrategy: normal, platformName: WINDOWS, proxy: Proxy(), se:cdp: ws://localhost:61330/devtoo..., se:cdpVersion: 109.0.5414.75, setWindowRect: true, strictFileInteractability: false, timeouts: {implicit: 0, pageLoad: 300000, script: 30000}, unhandledPromptBehavior: dismiss and notify, webauthn:extension:credBlob: true, webauthn:extension:largeBlob: true, webauthn:virtualAuthenticators: true}
Element: [[ChromeDriver: chrome on WINDOWS (bbd224262d39930647b5a8ee631f88d5)] -&gt; xpath: (//div[contains(@id,&#039;row0jqxWidget&#039;)]//div[@columnindex=&#039;8&#039;])[1]]
Session ID: bbd224262d39930647b5a8ee631f88d5" type="org.openqa.selenium.ElementClickInterceptedException">
      <![CDATA[org.openqa.selenium.ElementClickInterceptedException: element click intercepted: Element <div columnindex="8" role="gridcell" style="left: 397px; z-index: 72; width:150px;" class="jqx-grid-cell jqx-grid-cell-imms jqx-item jqx-item-imms jqx-grid-cell-selected jqx-grid-cell-selected-imms jqx-fill-state-pressed jqx-fill-state-pressed-imms" title="">...</div> is not clickable at point (487, 526). Other element would receive the click: <div _ngcontent-vcg-c5="" class="ngx-overlay loading-foreground" style="background-color: rgba(40, 40, 40, 0.8); border-radius: 0px;">...</div>
  (Session info: chrome=109.0.5414.75)
Build info: version: '4.6.0', revision: '79f1c02ae20'
System info: os.name: 'Windows 10', os.arch: 'amd64', os.version: '10.0', java.version: '19.0.1'
Driver info: org.openqa.selenium.chrome.ChromeDriver
Command: [bbd224262d39930647b5a8ee631f88d5, clickElement {id=ce2581d1-b209-4c71-bac1-9c25e04075f5}]
Capabilities {acceptInsecureCerts: false, browserName: chrome, browserVersion: 109.0.5414.75, chrome: {chromedriverVersion: 109.0.5414.74 (e7c5703604da..., userDataDir: C:\Users\Ankush\AppData\Loc...}, goog:chromeOptions: {debuggerAddress: localhost:61330}, networkConnectionEnabled: false, pageLoadStrategy: normal, platformName: WINDOWS, proxy: Proxy(), se:cdp: ws://localhost:61330/devtoo..., se:cdpVersion: 109.0.5414.75, setWindowRect: true, strictFileInteractability: false, timeouts: {implicit: 0, pageLoad: 300000, script: 30000}, unhandledPromptBehavior: dismiss and notify, webauthn:extension:credBlob: true, webauthn:extension:largeBlob: true, webauthn:virtualAuthenticators: true}
Element: [[ChromeDriver: chrome on WINDOWS (bbd224262d39930647b5a8ee631f88d5)] -> xpath: (//div[contains(@id,'row0jqxWidget')]//div[@columnindex='8'])[1]]
Session ID: bbd224262d39930647b5a8ee631f88d5
at java.base/jdk.internal.reflect.DirectConstructorHandleAccessor.newInstance(DirectConstructorHandleAccessor.java:67)
at java.base/java.lang.reflect.Constructor.newInstanceWithCaller(Constructor.java:500)
at java.base/java.lang.reflect.Constructor.newInstance(Constructor.java:484)
at org.openqa.selenium.remote.codec.w3c.W3CHttpResponseCodec.createException(W3CHttpResponseCodec.java:200)
at org.openqa.selenium.remote.codec.w3c.W3CHttpResponseCodec.decode(W3CHttpResponseCodec.java:133)
at org.openqa.selenium.remote.codec.w3c.W3CHttpResponseCodec.decode(W3CHttpResponseCodec.java:53)
at org.openqa.selenium.remote.HttpCommandExecutor.execute(HttpCommandExecutor.java:184)
at org.openqa.selenium.remote.service.DriverCommandExecutor.invokeExecute(DriverCommandExecutor.java:167)
at org.openqa.selenium.remote.service.DriverCommandExecutor.execute(DriverCommandExecutor.java:142)
at org.openqa.selenium.remote.RemoteWebDriver.execute(RemoteWebDriver.java:541)
at org.openqa.selenium.remote.RemoteWebElement.execute(RemoteWebElement.java:257)
at org.openqa.selenium.remote.RemoteWebElement.click(RemoteWebElement.java:78)
at com.utility.JQXGRID.JQXDropdown(JQXGRID.java:20)
at purchase.pomaintenancenew.POD001(pomaintenancenew.java:248)
at java.base/jdk.internal.reflect.DirectMethodHandleAccessor.invoke(DirectMethodHandleAccessor.java:104)
at java.base/java.lang.reflect.Method.invoke(Method.java:578)
at org.testng.internal.MethodInvocationHelper.invokeMethod(MethodInvocationHelper.java:132)
at org.testng.internal.TestInvoker.invokeMethod(TestInvoker.java:599)
at org.testng.internal.TestInvoker.invokeTestMethod(TestInvoker.java:174)
at org.testng.internal.MethodRunner.runInSequence(MethodRunner.java:46)
at org.testng.internal.TestInvoker$MethodInvocationAgent.invoke(TestInvoker.java:822)
at org.testng.internal.TestInvoker.invokeTestMethods(TestInvoker.java:147)
at org.testng.internal.TestMethodWorker.invokeTestMethods(TestMethodWorker.java:146)
at org.testng.internal.TestMethodWorker.run(TestMethodWorker.java:128)
at java.base/java.util.ArrayList.forEach(ArrayList.java:1511)
at org.testng.TestRunner.privateRun(TestRunner.java:764)
at org.testng.TestRunner.run(TestRunner.java:585)
at org.testng.SuiteRunner.runTest(SuiteRunner.java:384)
at org.testng.SuiteRunner.runSequentially(SuiteRunner.java:378)
at org.testng.SuiteRunner.privateRun(SuiteRunner.java:337)
at org.testng.SuiteRunner.run(SuiteRunner.java:286)
at org.testng.SuiteRunnerWorker.runSuite(SuiteRunnerWorker.java:53)
at org.testng.SuiteRunnerWorker.run(SuiteRunnerWorker.java:96)
at org.testng.TestNG.runSuitesSequentially(TestNG.java:1218)
at org.testng.TestNG.runSuitesLocally(TestNG.java:1140)
at org.testng.TestNG.runSuites(TestNG.java:1069)
at org.testng.TestNG.run(TestNG.java:1037)
at org.apache.maven.surefire.testng.TestNGExecutor.run(TestNGExecutor.java:324)
at org.apache.maven.surefire.testng.TestNGXmlTestSuite.execute(TestNGXmlTestSuite.java:74)
at org.apache.maven.surefire.testng.TestNGProvider.invoke(TestNGProvider.java:123)
at org.apache.maven.surefire.booter.ForkedBooter.runSuitesInProcess(ForkedBooter.java:456)
at org.apache.maven.surefire.booter.ForkedBooter.execute(ForkedBooter.java:169)
at org.apache.maven.surefire.booter.ForkedBooter.run(ForkedBooter.java:595)
at org.apache.maven.surefire.booter.ForkedBooter.main(ForkedBooter.java:581)
]]>
    </error>
  </testcase> <!-- POD001 -->
  <system-out>
Connection  String value succesfully send == <b>Server=PC43\SQLEXPRESS;Database=QCNHADMPETPL;uid=sa;pwd=;Max Pool Size=1000;Connection TimeOut= 3000;</b> Username value succesfully send == <b>su</b> Password value succesfully send == <b>us</b> Click Sucessfully == Login Button Dropdown  Company selected==QC's Parle Elizabeth Tools QC LTD Dropdown  Company/Location selected==QC Site PARLE ELI-PRD Click Sucessfully == submit Button Click Sucessfully == Purchasemodule Click Sucessfully == Po  mainteance New Click Sucessfully == Add New Btn Click sucessfully==PO BAsis Option Sucessfully Selected==<b>PO BAsis==Direct</b> Click Sucessfully==PO Next Button Buyer is required. Click sucessfully==Buyer Option Sucessfully Selected==<b>Buyer==HKP - HITESH K PATEL</b> Click Sucessfully==VendorInfoNextBtn() Click sucessfully==Structure rate Option Sucessfully Selected==<b>Structure rate==PIG7 - BV+PKG+FRT+INS+OTH+IGST 18%+TCS</b> Click Sucessfully==RateStryctureNextBtn Click Sucessfully==Add New Click Sucessfully== Screenshot taken Succesfully==D:\ANKUSH\NEW_HORIZON\ScreenShots\Failure.png  </system-out>
  <testcase classname="purchase.pomaintenancenew" name="m1">
    <skipped/>
  </testcase> <!-- m1 -->
  <system-out/>
  <testcase classname="purchase.pomaintenancenew" name="m2">
    <skipped/>
  </testcase> <!-- m2 -->
  <system-out/>
  <testcase classname="purchase.pomaintenancenew" name="Test_01">
    <skipped/>
  </testcase> <!-- Test_01 -->
  <system-out/>
</testsuite> <!-- purchase.pomaintenancenew -->
