<?xml version="1.0" encoding="UTF-8"?>
<!-- Generated by org.testng.reporters.JUnitReportReporter -->
<testsuite hostname="PC07" failures="0" tests="4" name="purchase.LabourRateContractEntry" time="1381.223" errors="1" timestamp="2023-02-09T15:59:55 IST" skipped="0">
  <testcase classname="purchase.LabourRateContractEntry" name="Login" time="21.149"/>
  <system-out>
Connection  String value succesfully send == <b>Server=PC43\SQLEXPRESS;Database=QCNHADMPETPL;uid=sa;pwd=;Max Pool Size=1000;Connection TimeOut= 3000;</b> Username value succesfully send == <b>su</b> Password value succesfully send == <b>super</b> Click Sucessfully == Login Button Dropdown  Company selected==QC's Parle Elizabeth Tools QC LTD Dropdown  Company/Location selected==QC Site PARLE ELI-PRD Click Sucessfully == submit Button  </system-out>
  <testcase classname="purchase.LabourRateContractEntry" name="LRC001" time="419.241"/>
  <system-out>
<b><FONT COLOR=\"1f7a1f\">Test Case ID==LRC001</FONT></b> <b><FONT COLOR=\"1f7a1f\">Test Case Description==Test Case For LRC Entry of single item with Four  delivery schedule.</FONT></b> Click Sucessfully == Purchase Module Click Sucessfully == Labour Rate Contract Entry Click Sucessfully == Labour Rate Contract Entry add new button Click Sucessfully== Click Sucessfully== Click Sucessfully== Click Sucessfully== Click Sucessfully== Click Sucessfully==5 Click Sucessfully== Click Sucessfully== Click Sucessfully== Click Sucessfully== Click Sucessfully== Click Sucessfully==31 Click Sucessfully == Purchase Order Information NEXTBUTTON Click Sucessfully== Item code Search Filed value succesfully send == <b>A020</b> Click sucessfully==Buyer combo box Option Sucessfully Selected==<b>Buyer combo box==HITESH K PATEL</b> Click Sucessfully==Next Click sucessfully==Ratestucure Option Sucessfully Selected==<b>Ratestucure==PIG7 - BV+PKG+FRT+INS+OTH+IGST 18%+TCS</b> Click Sucessfully==Next Click Sucessfully==Add New Click Sucessfully== Item code Search Filed value succesfully send == <b>100100100-MK</b> Click Sucessfully==EC - ELECTRO POLISHING Click Sucessfully==FG Click Sucessfully == ItemCode1 Delivery ActionButton1 Click Sucessfully==Add New Click Sucessfully== Click Sucessfully== Quantity for delivery 1 schedule value succesfully send == <b>100</b> Click Sucessfully==Delivery Field 1 Delivery date 1 value succesfully send == <b>10112022</b> Click Sucessfully==Add New Quantity for delivery 2 schedule value succesfully send == <b>212</b> Click Sucessfully==Delivery Field 1 Delivery date 2 value succesfully send == <b>15112022</b> Click Sucessfully==Add New Quantity for delivery 3 schedule value succesfully send == <b>310</b> Click Sucessfully==Delivery Date Field3 Delivery date 3 value succesfully send == <b>18112022</b> Click Sucessfully==Add New Quantity for delivery 4 schedule value succesfully send == <b>400</b> Click Sucessfully==Delivery Date Field4 Delivery date 4 value succesfully send == <b>25112022</b> Click Sucessfully==Save button <b><FONT COLOR=\"1f1f7a\">New generated LRC NUmber==000344</FONT></b> <font color =blue>Labour Rate Contract Entry Authorize Successfully'.</font>  </system-out>
  <testcase classname="purchase.LabourRateContractEntry" name="LRC002" time="207.232">
    <error message="Expected condition failed: waiting for visibility of [[ChromeDriver: chrome on WINDOWS (48eca6c056510b247dea537c871e402a)] -&gt; xpath: //span[contains(text(),&#039;PV&#039;)]] (tried for 20 second(s) with 500 milliseconds interval)
Build info: version: &#039;4.6.0&#039;, revision: &#039;79f1c02ae20&#039;
System info: os.name: &#039;Windows 10&#039;, os.arch: &#039;amd64&#039;, os.version: &#039;10.0&#039;, java.version: &#039;17.0.6&#039;
Driver info: org.openqa.selenium.chrome.ChromeDriver
Capabilities {acceptInsecureCerts: false, browserName: chrome, browserVersion: 109.0.5414.120, chrome: {chromedriverVersion: 109.0.5414.74 (e7c5703604da..., userDataDir: C:\Users\Ankush\AppData\Loc...}, goog:chromeOptions: {debuggerAddress: localhost:55512}, networkConnectionEnabled: false, pageLoadStrategy: normal, platformName: WINDOWS, proxy: Proxy(), se:cdp: ws://localhost:55512/devtoo..., se:cdpVersion: 109.0.5414.120, setWindowRect: true, strictFileInteractability: false, timeouts: {implicit: 0, pageLoad: 300000, script: 30000}, unhandledPromptBehavior: dismiss and notify, webauthn:extension:credBlob: true, webauthn:extension:largeBlob: true, webauthn:virtualAuthenticators: true}
Session ID: 48eca6c056510b247dea537c871e402a" type="org.openqa.selenium.TimeoutException">
      <![CDATA[org.openqa.selenium.TimeoutException: Expected condition failed: waiting for visibility of [[ChromeDriver: chrome on WINDOWS (48eca6c056510b247dea537c871e402a)] -> xpath: //span[contains(text(),'PV')]] (tried for 20 second(s) with 500 milliseconds interval)
Build info: version: '4.6.0', revision: '79f1c02ae20'
System info: os.name: 'Windows 10', os.arch: 'amd64', os.version: '10.0', java.version: '17.0.6'
Driver info: org.openqa.selenium.chrome.ChromeDriver
Capabilities {acceptInsecureCerts: false, browserName: chrome, browserVersion: 109.0.5414.120, chrome: {chromedriverVersion: 109.0.5414.74 (e7c5703604da..., userDataDir: C:\Users\Ankush\AppData\Loc...}, goog:chromeOptions: {debuggerAddress: localhost:55512}, networkConnectionEnabled: false, pageLoadStrategy: normal, platformName: WINDOWS, proxy: Proxy(), se:cdp: ws://localhost:55512/devtoo..., se:cdpVersion: 109.0.5414.120, setWindowRect: true, strictFileInteractability: false, timeouts: {implicit: 0, pageLoad: 300000, script: 30000}, unhandledPromptBehavior: dismiss and notify, webauthn:extension:credBlob: true, webauthn:extension:largeBlob: true, webauthn:virtualAuthenticators: true}
Session ID: 48eca6c056510b247dea537c871e402a
at org.openqa.selenium.support.ui.WebDriverWait.timeoutException(WebDriverWait.java:87)
at org.openqa.selenium.support.ui.FluentWait.until(FluentWait.java:231)
at com.utility.Library.Explicitlywait(Library.java:696)
at com.utility.JQXGRID.JQXDropdown(JQXGRID.java:23)
at purchase.LabourRateContractEntry.LRC002(LabourRateContractEntry.java:427)
at java.base/jdk.internal.reflect.NativeMethodAccessorImpl.invoke0(Native Method)
at java.base/jdk.internal.reflect.NativeMethodAccessorImpl.invoke(NativeMethodAccessorImpl.java:77)
at java.base/jdk.internal.reflect.DelegatingMethodAccessorImpl.invoke(DelegatingMethodAccessorImpl.java:43)
at java.base/java.lang.reflect.Method.invoke(Method.java:568)
at org.testng.internal.MethodInvocationHelper.invokeMethod(MethodInvocationHelper.java:132)
at org.testng.internal.TestInvoker.invokeMethod(TestInvoker.java:599)
at org.testng.internal.TestInvoker.invokeTestMethod(TestInvoker.java:174)
at org.testng.internal.MethodRunner.runInSequence(MethodRunner.java:46)
at org.testng.internal.TestInvoker$MethodInvocationAgent.invoke(TestInvoker.java:822)
at org.testng.internal.TestInvoker.invokeTestMethods(TestInvoker.java:147)
at org.testng.internal.TestMethodWorker.invokeTestMethods(TestMethodWorker.java:146)
at org.testng.internal.TestMethodWorker.run(TestMethodWorker.java:128)
at java.base/java.util.ArrayList.forEach(ArrayList.java:1511)
at org.testng.TestRunner.privateRun(TestRunner.java:764)
at org.testng.TestRunner.run(TestRunner.java:585)
at org.testng.SuiteRunner.runTest(SuiteRunner.java:384)
at org.testng.SuiteRunner.runSequentially(SuiteRunner.java:378)
at org.testng.SuiteRunner.privateRun(SuiteRunner.java:337)
at org.testng.SuiteRunner.run(SuiteRunner.java:286)
at org.testng.SuiteRunnerWorker.runSuite(SuiteRunnerWorker.java:53)
at org.testng.SuiteRunnerWorker.run(SuiteRunnerWorker.java:96)
at org.testng.TestNG.runSuitesSequentially(TestNG.java:1218)
at org.testng.TestNG.runSuitesLocally(TestNG.java:1140)
at org.testng.TestNG.runSuites(TestNG.java:1069)
at org.testng.TestNG.run(TestNG.java:1037)
at org.apache.maven.surefire.testng.TestNGExecutor.run(TestNGExecutor.java:324)
at org.apache.maven.surefire.testng.TestNGXmlTestSuite.execute(TestNGXmlTestSuite.java:74)
at org.apache.maven.surefire.testng.TestNGProvider.invoke(TestNGProvider.java:123)
at org.apache.maven.surefire.booter.ForkedBooter.runSuitesInProcess(ForkedBooter.java:456)
at org.apache.maven.surefire.booter.ForkedBooter.execute(ForkedBooter.java:169)
at org.apache.maven.surefire.booter.ForkedBooter.run(ForkedBooter.java:595)
at org.apache.maven.surefire.booter.ForkedBooter.main(ForkedBooter.java:581)
]]>
    </error>
  </testcase> <!-- LRC002 -->
  <system-out>
<b><FONT COLOR=\"1f7a1f\">Test Case ID==LRC002</FONT></b> <b><FONT COLOR=\"1f7a1f\">Test Case Description==Test Case For LRC Entry of two  item with Four  delivery schedule of both item .</FONT></b> Click Sucessfully == Purchase Module Click Sucessfully == Labour Rate Contract Entry Click Sucessfully == Labour Rate Contract Entry add new button Click Sucessfully== Click Sucessfully== Click Sucessfully== Click Sucessfully== Click Sucessfully== Click Sucessfully==5 Click Sucessfully== Click Sucessfully== Click Sucessfully== Click Sucessfully== Click Sucessfully== Click Sucessfully==31 Click Sucessfully == Purchase Order Information NEXTBUTTON Click Sucessfully== Item code Search Filed value succesfully send == <b>A020</b> Click sucessfully==Buyer combo box Option Sucessfully Selected==<b>Buyer combo box==HITESH K PATEL</b> Click Sucessfully==Next Click sucessfully==Ratestucure Option Sucessfully Selected==<b>Ratestucure==PIG7 - BV+PKG+FRT+INS+OTH+IGST 18%+TCS</b> Click Sucessfully==Next Click Sucessfully==Add New Click Sucessfully== Item code Search Filed value succesfully send == <b>1110012B</b> Click Sucessfully==CED - CATHODIC ELECTRO DEPOSITION PROCESS Screenshot taken Succesfully==D:\ANKUSH\NEW_HORIZON\ScreenShots\Failure.png  </system-out>
  <testcase classname="purchase.LabourRateContractEntry" name="LRC003" time="733.601"/>
  <system-out>
<b><FONT COLOR=\"1f7a1f\">Test Case ID==LRC003</FONT></b> <b><FONT COLOR=\"1f7a1f\">Test Case Description==Test case for LRC Entry 1 item with 2 different work order number  and second item with work order work order number</FONT></b> Click Sucessfully == Purchase Module Click Sucessfully == Labour Rate Contract Entry Click Sucessfully == Labour Rate Contract Entry add new button Click Sucessfully== Click Sucessfully== Click Sucessfully== Click Sucessfully== Click Sucessfully== Click Sucessfully==5 Click Sucessfully== Click Sucessfully== Click Sucessfully== Click Sucessfully== Click Sucessfully== Click Sucessfully==31 Click Sucessfully == Purchase Order Information NEXTBUTTON Click Sucessfully== Item code Search Filed value succesfully send == <b>A020</b> Click sucessfully==Buyer combo box Option Sucessfully Selected==<b>Buyer combo box==HITESH K PATEL</b> Click Sucessfully==Next Click sucessfully==Ratestucure Option Sucessfully Selected==<b>Ratestucure==PIG7 - BV+PKG+FRT+INS+OTH+IGST 18%+TCS</b> Click Sucessfully==Next Click Sucessfully==Add New Click Sucessfully== Item code Search Filed value succesfully send == <b>1110012B</b> Click Sucessfully==CED - CATHODIC ELECTRO DEPOSITION PROCESS Click Sucessfully==22-23/WO/S1 /005697 Click Sucessfully==PV Click Sucessfully == ItemCode1 Delivery ActionButton1 Click Sucessfully==Add New Click Sucessfully== Click Sucessfully== Quantity for delivery 1 schedule value succesfully send == <b>108.9</b> Click Sucessfully==Delivery Field 1 Delivery date 1 value succesfully send == <b>10112022</b> Click Sucessfully==Add New Quantity for delivery 2 schedule value succesfully send == <b>24.6</b> Click Sucessfully==Delivery Field 1 Delivery date 2 value succesfully send == <b>15112022</b> Click Sucessfully==Add New Quantity for delivery 3 schedule value succesfully send == <b>30.5</b> Click Sucessfully==Delivery Date Field3 Delivery date 3 value succesfully send == <b>18112022</b> Click Sucessfully==Add New Quantity for delivery 4 schedule value succesfully send == <b>91.55</b> Click Sucessfully==Delivery Date Field4 Delivery date 4 value succesfully send == <b>25112022</b> Click Sucessfully==Add New Click Sucessfully== Item code Search Filed value succesfully send == <b>1110012B</b> Click Sucessfully==CED - CATHODIC ELECTRO DEPOSITION PROCESS Click Sucessfully==22-23/WO/S1 /005702 Click Sucessfully==RE Click Sucessfully == ItemCode2 Delivery ActionButton2 Click Sucessfully==Add New Click Sucessfully== Click Sucessfully== Quantity for delivery 1 schedule value succesfully send == <b>10.5</b> Click Sucessfully==Delivery Field 1 Delivery date 1 value succesfully send == <b>10112022</b> Click Sucessfully==Add New Quantity for delivery 2 schedule value succesfully send == <b>11.5</b> Click Sucessfully==Delivery Field 1 Delivery date 2 value succesfully send == <b>15112022</b> Click Sucessfully==Add New Quantity for delivery 3 schedule value succesfully send == <b>9</b> Click Sucessfully==Delivery Date Field3 Delivery date 3 value succesfully send == <b>18112022</b> Click Sucessfully==Add New Quantity for delivery 4 schedule value succesfully send == <b>13</b> Click Sucessfully==Delivery Date Field4 Delivery date 4 value succesfully send == <b>25112022</b> Click Sucessfully==Add New Click Sucessfully== Item code Search Filed value succesfully send == <b>1120023B</b> Click Sucessfully==CED - CATHODIC ELECTRO DEPOSITION PROCESS Click Sucessfully==22-23/WO/S1 /005487 Click Sucessfully==RE Click Sucessfully == ItemCode3 Delivery ActionButton3 Click Sucessfully==Add New Quantity for delivery 1 schedule value succesfully send == <b>1</b> Click Sucessfully==Delivery Field 1 Delivery date 1 value succesfully send == <b>13112022</b> Click Sucessfully==Save button <b><FONT COLOR=\"1f1f7a\">New generated LRC NUmber==000345</FONT></b>  </system-out>
</testsuite> <!-- purchase.LabourRateContractEntry -->
