<?xml version="1.0" encoding="UTF-8"?>
<!-- Generated by org.testng.reporters.JUnitReportReporter -->
<testsuite hostname="PC07" failures="0" tests="4" name="purchase.Indent_Po_Poamendment" time="356.608" errors="2" timestamp="2023-02-06T12:10:08 IST" skipped="0">
  <testcase classname="purchase.Indent_Po_Poamendment" name="Login" time="20.141"/>
  <system-out>
Connection  String value succesfully send == <b>Server=PC43\SQLEXPRESS;Database=QCNHADMPETPL;uid=sa;pwd=;Max Pool Size=1000;Connection TimeOut= 3000;</b> Username value succesfully send == <b>su</b> Password value succesfully send == <b>super</b> Click Sucessfully == Login Button Dropdown  Company selected==QC's Parle Elizabeth Tools QC LTD Dropdown  Company/Location selected==QC Site PARLE ELI-PRD Click Sucessfully == submit Button  </system-out>
  <testcase classname="purchase.Indent_Po_Poamendment" name="INDENT004" time="196.088"/>
  <system-out>
<b><FONT COLOR=\"1f7a1f\">Test Case ID==INDENT004</FONT></b> <b><FONT COLOR=\"1f7a1f\">Test Case Description==Test Case For Indent Of Single Item Code with multiple Delivery schedule as Per ReQuirement considering sjo Number </FONT></b> Click Sucessfully == PurchaseModule Click Sucessfully == IndentEntry Click Sucessfully == AddNewBtn Click sucessfully==IntentReqBy Option Sucessfully Selected==<b>IntentReqBy==MSD-Mahendra S Doshi</b> Click Sucessfully== Click Sucessfully== Click Sucessfully== Click Sucessfully== Click Sucessfully== Click Sucessfully==5 Click Sucessfully==Next Click Sucessfully==Next Click Sucessfully==Add New Item code Seacrch text box value succesfully send == <b>1111104</b> Click Sucessfully==item code Click Sucessfully == Add new second btn Quantity Field  1 value succesfully send == <b>100</b> Click Sucessfully== Delivery Date 1 value succesfully send == <b>25102022</b> Click Sucessfully== SJO Number==22-23/SJ/S1/000001 Click Sucessfully == Add new second btn Quantity Field  2 value succesfully send == <b>205</b> Click Sucessfully== Delivery Date 2 value succesfully send == <b>27102022</b> Click Sucessfully == Add new second btn Quantity Field  3 value succesfully send == <b>303</b> Click Sucessfully== Delivery Date 3 value succesfully send == <b>29102022</b> Click Sucessfully == Add new second btn Quantity Field  4 value succesfully send == <b>404</b> Click Sucessfully== Delivery Date 4 value succesfully send == <b>30102022</b> Click Sucessfully == Add new second btn Quantity Field  5 value succesfully send == <b>855</b> Click Sucessfully== Delivery Date 5 value succesfully send == <b>01112022</b> Click Sucessfully==Save Click Sucessfully== <b><FONT COLOR=\"1f1f7a\">New generated Indent Number==000302</FONT></b>  </system-out>
  <testcase classname="purchase.Indent_Po_Poamendment" name="POI007" time="84.825">
    <error message="element click intercepted: Element &lt;div columnindex=&quot;4&quot; role=&quot;gridcell&quot; style=&quot;left: 318px; z-index: 1022; width:130px;&quot; class=&quot;jqx-grid-cell jqx-grid-cell-imms jqx-grid-cleared-cell jqx-grid-cleared-cell-imms jqx-grid-empty-cell jqx-grid-empty-cell-imms&quot;&gt;&lt;/div&gt; is not clickable at point (398, 379). Other element would receive the click: &lt;div columnindex=&quot;0&quot; role=&quot;gridcell&quot; style=&quot;left: 0px; z-index: 1026; width: 1319px; margin-left: 0px;&quot; tabindex=&quot;119&quot; &quot;=&quot;&quot; class=&quot;jqx-grid-cell jqx-grid-cell-imms jqx-grid-empty-cell jqx-grid-empty-cell-imms&quot;&gt;...&lt;/div&gt;
  (Session info: chrome=109.0.5414.120)
Build info: version: &#039;4.6.0&#039;, revision: &#039;79f1c02ae20&#039;
System info: os.name: &#039;Windows 10&#039;, os.arch: &#039;amd64&#039;, os.version: &#039;10.0&#039;, java.version: &#039;19.0.1&#039;
Driver info: org.openqa.selenium.chrome.ChromeDriver
Command: [0f873b13147e1e6778d17041ac96e8ce, clickElement {id=e5f0e48b-e1a7-40d1-9e8b-8dddcfcf6133}]
Capabilities {acceptInsecureCerts: false, browserName: chrome, browserVersion: 109.0.5414.120, chrome: {chromedriverVersion: 109.0.5414.74 (e7c5703604da..., userDataDir: C:\Users\Ankush\AppData\Loc...}, goog:chromeOptions: {debuggerAddress: localhost:51016}, networkConnectionEnabled: false, pageLoadStrategy: normal, platformName: WINDOWS, proxy: Proxy(), se:cdp: ws://localhost:51016/devtoo..., se:cdpVersion: 109.0.5414.120, setWindowRect: true, strictFileInteractability: false, timeouts: {implicit: 0, pageLoad: 300000, script: 30000}, unhandledPromptBehavior: dismiss and notify, webauthn:extension:credBlob: true, webauthn:extension:largeBlob: true, webauthn:virtualAuthenticators: true}
Element: [[ChromeDriver: chrome on WINDOWS (0f873b13147e1e6778d17041ac96e8ce)] -&gt; xpath: //div[contains(@id,&#039;row0jqxWidget&#039;)]//div[@columnindex=&#039;4&#039;]]
Session ID: 0f873b13147e1e6778d17041ac96e8ce" type="org.openqa.selenium.ElementClickInterceptedException">
      <![CDATA[org.openqa.selenium.ElementClickInterceptedException: element click intercepted: Element <div columnindex="4" role="gridcell" style="left: 318px; z-index: 1022; width:130px;" class="jqx-grid-cell jqx-grid-cell-imms jqx-grid-cleared-cell jqx-grid-cleared-cell-imms jqx-grid-empty-cell jqx-grid-empty-cell-imms"></div> is not clickable at point (398, 379). Other element would receive the click: <div columnindex="0" role="gridcell" style="left: 0px; z-index: 1026; width: 1319px; margin-left: 0px;" tabindex="119" "="" class="jqx-grid-cell jqx-grid-cell-imms jqx-grid-empty-cell jqx-grid-empty-cell-imms">...</div>
  (Session info: chrome=109.0.5414.120)
Build info: version: '4.6.0', revision: '79f1c02ae20'
System info: os.name: 'Windows 10', os.arch: 'amd64', os.version: '10.0', java.version: '19.0.1'
Driver info: org.openqa.selenium.chrome.ChromeDriver
Command: [0f873b13147e1e6778d17041ac96e8ce, clickElement {id=e5f0e48b-e1a7-40d1-9e8b-8dddcfcf6133}]
Capabilities {acceptInsecureCerts: false, browserName: chrome, browserVersion: 109.0.5414.120, chrome: {chromedriverVersion: 109.0.5414.74 (e7c5703604da..., userDataDir: C:\Users\Ankush\AppData\Loc...}, goog:chromeOptions: {debuggerAddress: localhost:51016}, networkConnectionEnabled: false, pageLoadStrategy: normal, platformName: WINDOWS, proxy: Proxy(), se:cdp: ws://localhost:51016/devtoo..., se:cdpVersion: 109.0.5414.120, setWindowRect: true, strictFileInteractability: false, timeouts: {implicit: 0, pageLoad: 300000, script: 30000}, unhandledPromptBehavior: dismiss and notify, webauthn:extension:credBlob: true, webauthn:extension:largeBlob: true, webauthn:virtualAuthenticators: true}
Element: [[ChromeDriver: chrome on WINDOWS (0f873b13147e1e6778d17041ac96e8ce)] -> xpath: //div[contains(@id,'row0jqxWidget')]//div[@columnindex='4']]
Session ID: 0f873b13147e1e6778d17041ac96e8ce
at java.base/jdk.internal.reflect.DirectConstructorHandleAccessor.newInstance(DirectConstructorHandleAccessor.java:67)
at java.base/java.lang.reflect.Constructor.newInstanceWithCaller(Constructor.java:500)
at java.base/java.lang.reflect.Constructor.newInstance(Constructor.java:484)
at org.openqa.selenium.remote.codec.w3c.W3CHttpResponseCodec.createException(W3CHttpResponseCodec.java:200)
at org.openqa.selenium.remote.codec.w3c.W3CHttpResponseCodec.decode(W3CHttpResponseCodec.java:133)
at org.openqa.selenium.remote.codec.w3c.W3CHttpResponseCodec.decode(W3CHttpResponseCodec.java:53)
at org.openqa.selenium.remote.HttpCommandExecutor.execute(HttpCommandExecutor.java:184)
at org.openqa.selenium.remote.service.DriverCommandExecutor.invokeExecute(DriverCommandExecutor.java:167)
at org.openqa.selenium.remote.service.DriverCommandExecutor.execute(DriverCommandExecutor.java:142)
at org.openqa.selenium.remote.RemoteWebDriver.execute(RemoteWebDriver.java:541)
at org.openqa.selenium.remote.RemoteWebElement.execute(RemoteWebElement.java:257)
at org.openqa.selenium.remote.RemoteWebElement.click(RemoteWebElement.java:78)
at java.base/jdk.internal.reflect.DirectMethodHandleAccessor.invoke(DirectMethodHandleAccessor.java:104)
at java.base/java.lang.reflect.Method.invoke(Method.java:578)
at org.openqa.selenium.support.pagefactory.internal.LocatingElementHandler.invoke(LocatingElementHandler.java:52)
at jdk.proxy2/jdk.proxy2.$Proxy20.click(Unknown Source)
at com.utility.JQXGRID.JQXDropdown(JQXGRID.java:20)
at purchase.Indent_Po_Poamendment.POI007(Indent_Po_Poamendment.java:376)
at java.base/jdk.internal.reflect.DirectMethodHandleAccessor.invoke(DirectMethodHandleAccessor.java:104)
at java.base/java.lang.reflect.Method.invoke(Method.java:578)
at org.testng.internal.MethodInvocationHelper.invokeMethod(MethodInvocationHelper.java:132)
at org.testng.internal.TestInvoker.invokeMethod(TestInvoker.java:599)
at org.testng.internal.TestInvoker.invokeTestMethod(TestInvoker.java:174)
at org.testng.internal.MethodRunner.runInSequence(MethodRunner.java:46)
at org.testng.internal.TestInvoker$MethodInvocationAgent.invoke(TestInvoker.java:822)
at org.testng.internal.TestInvoker.invokeTestMethods(TestInvoker.java:147)
at org.testng.internal.TestMethodWorker.invokeTestMethods(TestMethodWorker.java:146)
at org.testng.internal.TestMethodWorker.run(TestMethodWorker.java:128)
at java.base/java.util.ArrayList.forEach(ArrayList.java:1511)
at org.testng.TestRunner.privateRun(TestRunner.java:764)
at org.testng.TestRunner.run(TestRunner.java:585)
at org.testng.SuiteRunner.runTest(SuiteRunner.java:384)
at org.testng.SuiteRunner.runSequentially(SuiteRunner.java:378)
at org.testng.SuiteRunner.privateRun(SuiteRunner.java:337)
at org.testng.SuiteRunner.run(SuiteRunner.java:286)
at org.testng.SuiteRunnerWorker.runSuite(SuiteRunnerWorker.java:53)
at org.testng.SuiteRunnerWorker.run(SuiteRunnerWorker.java:96)
at org.testng.TestNG.runSuitesSequentially(TestNG.java:1218)
at org.testng.TestNG.runSuitesLocally(TestNG.java:1140)
at org.testng.TestNG.runSuites(TestNG.java:1069)
at org.testng.TestNG.run(TestNG.java:1037)
at org.apache.maven.surefire.testng.TestNGExecutor.run(TestNGExecutor.java:324)
at org.apache.maven.surefire.testng.TestNGXmlTestSuite.execute(TestNGXmlTestSuite.java:74)
at org.apache.maven.surefire.testng.TestNGProvider.invoke(TestNGProvider.java:123)
at org.apache.maven.surefire.booter.ForkedBooter.runSuitesInProcess(ForkedBooter.java:456)
at org.apache.maven.surefire.booter.ForkedBooter.execute(ForkedBooter.java:169)
at org.apache.maven.surefire.booter.ForkedBooter.run(ForkedBooter.java:595)
at org.apache.maven.surefire.booter.ForkedBooter.main(ForkedBooter.java:581)
]]>
    </error>
  </testcase> <!-- POI007 -->
  <system-out>
<b><FONT COLOR=\"1f7a1f\">Test Case ID==</FONT></b> <b><FONT COLOR=\"1f7a1f\">Test Case Description==</FONT></b> Click Sucessfully == Purchasemodule Click Sucessfully == Po  mainteance New Click Sucessfully == Add New Btn Click Sucessfully==Next Click sucessfully==Buyer Option Sucessfully Selected==<b>Buyer==HKP - HITESH K PATEL</b> Click Sucessfully == VendorInfoNextBtn() Click sucessfully==Structure rate Option Sucessfully Selected==<b>Structure rate==PIG4 - BV+PKG+FRT+INS+OTH+IGST 28%</b> Click Sucessfully==RateStryctureNextBtn Click Sucessfully == SJOandOAFSelectionNEXTBUTTON Click Sucessfully == SJOandOAFSelectionNEXTBUTTON Description of indent item code==PURCHASE - PACKING & FORWARDING Screenshot taken Succesfully==D:\ANKUSH\NEW_HORIZON\ScreenShots\Failure.png  </system-out>
  <testcase classname="purchase.Indent_Po_Poamendment" name="POAMI001" time="55.554">
    <error message="element click intercepted: Element &lt;input role=&quot;combobox&quot; type=&quot;text&quot; autocomplete=&quot;a0d13cbd3e68&quot; autocorrect=&quot;off&quot; autocapitalize=&quot;off&quot; aria-expanded=&quot;false&quot;&gt; is not clickable at point (991, 373). Other element would receive the click: &lt;div _ngcontent-mha-c3=&quot;&quot; class=&quot;ngx-overlay loading-foreground&quot; style=&quot;background-color: rgba(40, 40, 40, 0.8); border-radius: 0px;&quot;&gt;...&lt;/div&gt;
  (Session info: chrome=109.0.5414.120)
Build info: version: &#039;4.6.0&#039;, revision: &#039;79f1c02ae20&#039;
System info: os.name: &#039;Windows 10&#039;, os.arch: &#039;amd64&#039;, os.version: &#039;10.0&#039;, java.version: &#039;19.0.1&#039;
Driver info: org.openqa.selenium.chrome.ChromeDriver
Command: [0f873b13147e1e6778d17041ac96e8ce, clickElement {id=6c5cd54c-becf-41eb-bcdb-4b4e696c8fd8}]
Capabilities {acceptInsecureCerts: false, browserName: chrome, browserVersion: 109.0.5414.120, chrome: {chromedriverVersion: 109.0.5414.74 (e7c5703604da..., userDataDir: C:\Users\Ankush\AppData\Loc...}, goog:chromeOptions: {debuggerAddress: localhost:51016}, networkConnectionEnabled: false, pageLoadStrategy: normal, platformName: WINDOWS, proxy: Proxy(), se:cdp: ws://localhost:51016/devtoo..., se:cdpVersion: 109.0.5414.120, setWindowRect: true, strictFileInteractability: false, timeouts: {implicit: 0, pageLoad: 300000, script: 30000}, unhandledPromptBehavior: dismiss and notify, webauthn:extension:credBlob: true, webauthn:extension:largeBlob: true, webauthn:virtualAuthenticators: true}
Element: [[ChromeDriver: chrome on WINDOWS (0f873b13147e1e6778d17041ac96e8ce)] -&gt; xpath: //ng-select[@formcontrolname=&#039;numControl&#039;]//input]
Session ID: 0f873b13147e1e6778d17041ac96e8ce" type="org.openqa.selenium.ElementClickInterceptedException">
      <![CDATA[org.openqa.selenium.ElementClickInterceptedException: element click intercepted: Element <input role="combobox" type="text" autocomplete="a0d13cbd3e68" autocorrect="off" autocapitalize="off" aria-expanded="false"> is not clickable at point (991, 373). Other element would receive the click: <div _ngcontent-mha-c3="" class="ngx-overlay loading-foreground" style="background-color: rgba(40, 40, 40, 0.8); border-radius: 0px;">...</div>
  (Session info: chrome=109.0.5414.120)
Build info: version: '4.6.0', revision: '79f1c02ae20'
System info: os.name: 'Windows 10', os.arch: 'amd64', os.version: '10.0', java.version: '19.0.1'
Driver info: org.openqa.selenium.chrome.ChromeDriver
Command: [0f873b13147e1e6778d17041ac96e8ce, clickElement {id=6c5cd54c-becf-41eb-bcdb-4b4e696c8fd8}]
Capabilities {acceptInsecureCerts: false, browserName: chrome, browserVersion: 109.0.5414.120, chrome: {chromedriverVersion: 109.0.5414.74 (e7c5703604da..., userDataDir: C:\Users\Ankush\AppData\Loc...}, goog:chromeOptions: {debuggerAddress: localhost:51016}, networkConnectionEnabled: false, pageLoadStrategy: normal, platformName: WINDOWS, proxy: Proxy(), se:cdp: ws://localhost:51016/devtoo..., se:cdpVersion: 109.0.5414.120, setWindowRect: true, strictFileInteractability: false, timeouts: {implicit: 0, pageLoad: 300000, script: 30000}, unhandledPromptBehavior: dismiss and notify, webauthn:extension:credBlob: true, webauthn:extension:largeBlob: true, webauthn:virtualAuthenticators: true}
Element: [[ChromeDriver: chrome on WINDOWS (0f873b13147e1e6778d17041ac96e8ce)] -> xpath: //ng-select[@formcontrolname='numControl']//input]
Session ID: 0f873b13147e1e6778d17041ac96e8ce
at java.base/jdk.internal.reflect.DirectConstructorHandleAccessor.newInstance(DirectConstructorHandleAccessor.java:67)
at java.base/java.lang.reflect.Constructor.newInstanceWithCaller(Constructor.java:500)
at java.base/java.lang.reflect.Constructor.newInstance(Constructor.java:484)
at org.openqa.selenium.remote.codec.w3c.W3CHttpResponseCodec.createException(W3CHttpResponseCodec.java:200)
at org.openqa.selenium.remote.codec.w3c.W3CHttpResponseCodec.decode(W3CHttpResponseCodec.java:133)
at org.openqa.selenium.remote.codec.w3c.W3CHttpResponseCodec.decode(W3CHttpResponseCodec.java:53)
at org.openqa.selenium.remote.HttpCommandExecutor.execute(HttpCommandExecutor.java:184)
at org.openqa.selenium.remote.service.DriverCommandExecutor.invokeExecute(DriverCommandExecutor.java:167)
at org.openqa.selenium.remote.service.DriverCommandExecutor.execute(DriverCommandExecutor.java:142)
at org.openqa.selenium.remote.RemoteWebDriver.execute(RemoteWebDriver.java:541)
at org.openqa.selenium.remote.RemoteWebElement.execute(RemoteWebElement.java:257)
at org.openqa.selenium.remote.RemoteWebElement.click(RemoteWebElement.java:78)
at java.base/jdk.internal.reflect.DirectMethodHandleAccessor.invoke(DirectMethodHandleAccessor.java:104)
at java.base/java.lang.reflect.Method.invoke(Method.java:578)
at org.openqa.selenium.support.pagefactory.internal.LocatingElementHandler.invoke(LocatingElementHandler.java:52)
at jdk.proxy2/jdk.proxy2.$Proxy20.click(Unknown Source)
at com.utility.Library.Comboclick(Library.java:235)
at purchase.Indent_Po_Poamendment.POAMI001(Indent_Po_Poamendment.java:680)
at java.base/jdk.internal.reflect.DirectMethodHandleAccessor.invoke(DirectMethodHandleAccessor.java:104)
at java.base/java.lang.reflect.Method.invoke(Method.java:578)
at org.testng.internal.MethodInvocationHelper.invokeMethod(MethodInvocationHelper.java:132)
at org.testng.internal.TestInvoker.invokeMethod(TestInvoker.java:599)
at org.testng.internal.TestInvoker.invokeTestMethod(TestInvoker.java:174)
at org.testng.internal.MethodRunner.runInSequence(MethodRunner.java:46)
at org.testng.internal.TestInvoker$MethodInvocationAgent.invoke(TestInvoker.java:822)
at org.testng.internal.TestInvoker.invokeTestMethods(TestInvoker.java:147)
at org.testng.internal.TestMethodWorker.invokeTestMethods(TestMethodWorker.java:146)
at org.testng.internal.TestMethodWorker.run(TestMethodWorker.java:128)
at java.base/java.util.ArrayList.forEach(ArrayList.java:1511)
at org.testng.TestRunner.privateRun(TestRunner.java:764)
at org.testng.TestRunner.run(TestRunner.java:585)
at org.testng.SuiteRunner.runTest(SuiteRunner.java:384)
at org.testng.SuiteRunner.runSequentially(SuiteRunner.java:378)
at org.testng.SuiteRunner.privateRun(SuiteRunner.java:337)
at org.testng.SuiteRunner.run(SuiteRunner.java:286)
at org.testng.SuiteRunnerWorker.runSuite(SuiteRunnerWorker.java:53)
at org.testng.SuiteRunnerWorker.run(SuiteRunnerWorker.java:96)
at org.testng.TestNG.runSuitesSequentially(TestNG.java:1218)
at org.testng.TestNG.runSuitesLocally(TestNG.java:1140)
at org.testng.TestNG.runSuites(TestNG.java:1069)
at org.testng.TestNG.run(TestNG.java:1037)
at org.apache.maven.surefire.testng.TestNGExecutor.run(TestNGExecutor.java:324)
at org.apache.maven.surefire.testng.TestNGXmlTestSuite.execute(TestNGXmlTestSuite.java:74)
at org.apache.maven.surefire.testng.TestNGProvider.invoke(TestNGProvider.java:123)
at org.apache.maven.surefire.booter.ForkedBooter.runSuitesInProcess(ForkedBooter.java:456)
at org.apache.maven.surefire.booter.ForkedBooter.execute(ForkedBooter.java:169)
at org.apache.maven.surefire.booter.ForkedBooter.run(ForkedBooter.java:595)
at org.apache.maven.surefire.booter.ForkedBooter.main(ForkedBooter.java:581)
]]>
    </error>
  </testcase> <!-- POAMI001 -->
  <system-out>
Click Sucessfully == Purchasemodule Click Sucessfully == Po  mainteance New <b><FONT COLOR=\"1f7a1f\">Test Case ID==POAMI001</FONT></b> <b><FONT COLOR=\"1f7a1f\">Test Case Description== PO Amendment Entry for indent based po changing puom Quantity / delivery date for two Item Po </FONT></b> Click Sucessfully == Purchasemodule Click Sucessfully == Po  Amendment New Click Sucessfully == Add New Btn Click sucessfully==PO Year Option Sucessfully Selected==<b>PO Year==22-23</b> Click sucessfully==Group Option Sucessfully Selected==<b>Group==PR - REGULAR PO</b> Click sucessfully==Site Option Sucessfully Selected==<b>Site==S1 - QC Site PARLE ELI-PRD</b> Screenshot taken Succesfully==D:\ANKUSH\NEW_HORIZON\ScreenShots\Failure.png  </system-out>
</testsuite> <!-- purchase.Indent_Po_Poamendment -->
